2022-12-16 21:50:09.617 INFO  [][] [restartedMain] c.heeexy.example.MyApplication:55 - Starting MyApplication using Java 1.8.0_111 on wyf-MacBook-Pro.local with PID 42039 (/Users/info_kerwin/Documents/Intellij_workspace/xiangqin/back/target/classes started by info_kerwin in /Users/info_kerwin/Documents/Intellij_workspace/xiangqin)
2022-12-16 21:50:09.619 DEBUG [][] [restartedMain] c.heeexy.example.MyApplication:56 - Running with Spring Boot v2.7.6, Spring v5.3.24
2022-12-16 21:50:09.621 INFO  [][] [restartedMain] c.heeexy.example.MyApplication:637 - The following 1 profile is active: "local"
2022-12-16 21:50:09.740 WARN  [][] [restartedMain] o.s.b.c.c.ConfigDataEnvironment:258 - Property 'spring.profiles' imported from location 'class path resource [application-local.yml]' is invalid and should be replaced with 'spring.config.activate.on-profile' [origin: class path resource [application-local.yml] - 2:13]
2022-12-16 21:50:12.062 DEBUG [][] [restartedMain] c.h.e.c.filter.RequestFilter:242 - Filter 'requestFilter' configured for use
2022-12-16 21:50:13.146 INFO  [][] [restartedMain] c.heeexy.example.MyApplication:61 - Started MyApplication in 4.425 seconds (JVM running for 58.235)
2022-12-16 21:58:47.741 DEBUG [acdbabb4b38e][] [http-nio-5050-exec-2] c.h.e.service.TokenService:50 - æ ¹æ®tokenä»Žç¼“å­˜ä¸­æŸ¥è¯¢ç”¨æˆ·ä¿¡æ¯,b3b766dfbbc946039547
2022-12-16 21:58:47.748 INFO  [acdbabb4b38e][] [http-nio-5050-exec-2] c.h.e.service.TokenService:53 - æ²¡æ‹¿åˆ°ç¼“å­˜ token=b3b766dfbbc946039547
2022-12-16 21:58:47.749 INFO  [acdbabb4b38e][] [http-nio-5050-exec-2] c.h.e.c.filter.RequestFilter:73 - æ— æ•ˆçš„token:b3b766dfbbc946039547
2022-12-16 21:58:47.763 DEBUG [acdbabb4b38e][] [http-nio-5050-exec-2] c.h.e.c.filter.WebLogAspect:47 - è¯·æ±‚è·¯å¾„ /login/getInfo ,è¿›å…¥æ–¹æ³• com.heeexy.example.controller.LoginController:getInfo
2022-12-16 21:58:47.853 DEBUG [acdbabb4b38e][] [http-nio-5050-exec-2] c.h.e.service.TokenService:50 - æ ¹æ®tokenä»Žç¼“å­˜ä¸­æŸ¥è¯¢ç”¨æˆ·ä¿¡æ¯,b3b766dfbbc946039547
2022-12-16 21:58:47.853 INFO  [acdbabb4b38e][] [http-nio-5050-exec-2] c.h.e.service.TokenService:53 - æ²¡æ‹¿åˆ°ç¼“å­˜ token=b3b766dfbbc946039547
2022-12-16 21:58:47.888 INFO  [acdbabb4b38e][] [http-nio-5050-exec-2] c.h.e.c.filter.WebLogAspect:69 - {"uri":"/login/getInfo","took":27,"userId":"","req":{"method":"POST","requestURL":"http://localhost:9520/login/getInfo","remoteAddr":"0:0:0:0:0:0:0:1"},"res":{"msg":"ç™»é™†å·²è¿‡æœŸ,è¯·é‡æ–°ç™»é™†","code":"20011","info":{}}}
2022-12-16 21:58:47.894 WARN  [acdbabb4b38e][] [http-nio-5050-exec-2] o.s.w.s.m.m.a.ExceptionHandlerExceptionResolver:208 - Resolved [com.heeexy.example.config.exception.CommonJsonException]
2022-12-16 21:58:49.980 DEBUG [fd7cbf51f265][] [http-nio-5050-exec-3] c.h.e.c.filter.WebLogAspect:47 - è¯·æ±‚è·¯å¾„ /login/auth ,è¿›å…¥æ–¹æ³• com.heeexy.example.controller.LoginController:authLogin
2022-12-16 21:58:50.022 INFO  [fd7cbf51f265][] [http-nio-5050-exec-3] c.z.hikari.HikariDataSource:110 - HikariPool-1 - Starting...
2022-12-16 21:58:50.345 INFO  [fd7cbf51f265][] [http-nio-5050-exec-3] c.z.hikari.HikariDataSource:123 - HikariPool-1 - Start completed.
2022-12-16 21:58:50.363 DEBUG [fd7cbf51f265][] [http-nio-5050-exec-3] c.h.e.dao.LoginDao.checkUser:137 - ==>  Preparing: SELECT u.id userId FROM sys_user u WHERE u.username = ? AND u.password = ? AND u.delete_status = '1'
2022-12-16 21:58:50.500 DEBUG [fd7cbf51f265][] [http-nio-5050-exec-3] c.h.e.dao.LoginDao.checkUser:137 - ==> Parameters: admin(String), 123456(String)
2022-12-16 21:58:50.635 DEBUG [fd7cbf51f265][] [http-nio-5050-exec-3] c.h.e.dao.LoginDao.checkUser:137 - <==      Total: 1
2022-12-16 21:58:50.644 DEBUG [fd7cbf51f265][admin] [http-nio-5050-exec-3] c.h.e.dao.LoginDao.getUserInfo:137 - ==>  Preparing: SELECT u.id userId, u.username, u.nickname, ur.role_id roleId, p.menu_code menuCode, p.permission_code permissionCode FROM sys_user u LEFT JOIN sys_user_role ur on u.id = ur.user_id LEFT JOIN sys_role r ON r.id = ur.role_id LEFT JOIN sys_role_permission rp ON r.id = rp.role_id LEFT JOIN sys_permission p ON rp.permission_id = p.id AND rp.delete_status = '1' WHERE u.username = ? AND u.delete_status = '1'
2022-12-16 21:58:50.645 DEBUG [fd7cbf51f265][admin] [http-nio-5050-exec-3] c.h.e.dao.LoginDao.getUserInfo:137 - ==> Parameters: admin(String)
2022-12-16 21:58:50.652 DEBUG [fd7cbf51f265][admin] [http-nio-5050-exec-3] c.h.e.dao.LoginDao.getUserInfo:137 - <==      Total: 1
2022-12-16 21:58:50.653 DEBUG [fd7cbf51f265][admin] [http-nio-5050-exec-3] c.h.e.dao.LoginDao.getAllMenu:137 - ==>  Preparing: select distinct(menu_code) from sys_permission;
2022-12-16 21:58:50.654 DEBUG [fd7cbf51f265][admin] [http-nio-5050-exec-3] c.h.e.dao.LoginDao.getAllMenu:137 - ==> Parameters: 
2022-12-16 21:58:50.659 DEBUG [fd7cbf51f265][admin] [http-nio-5050-exec-3] c.h.e.dao.LoginDao.getAllMenu:137 - <==      Total: 3
2022-12-16 21:58:50.660 DEBUG [fd7cbf51f265][admin] [http-nio-5050-exec-3] c.h.e.d.L.getAllPermissionCode:137 - ==>  Preparing: select distinct(permission_code) from sys_permission;
2022-12-16 21:58:50.661 DEBUG [fd7cbf51f265][admin] [http-nio-5050-exec-3] c.h.e.d.L.getAllPermissionCode:137 - ==> Parameters: 
2022-12-16 21:58:50.663 DEBUG [fd7cbf51f265][admin] [http-nio-5050-exec-3] c.h.e.d.L.getAllPermissionCode:137 - <==      Total: 10
2022-12-16 21:58:50.664 INFO  [fd7cbf51f265][admin] [http-nio-5050-exec-3] c.h.e.service.TokenService:61 - è®¾ç½®ç”¨æˆ·ä¿¡æ¯ç¼“å­˜:token=f8094a142edb4366bf25 , username=admin, info=SessionUserInfo(userId=10003, username=admin, nickname=è¶…çº§ç”¨æˆ·, roleIds=[1], menuList=[role, user, article], permissionList=[article:list, user:list, user:add, role:update, article:add, role:list, article:update, user:update, role:delete, role:add])
2022-12-16 21:58:50.669 INFO  [fd7cbf51f265][admin] [http-nio-5050-exec-3] c.h.e.c.filter.WebLogAspect:69 - {"uri":"/login/auth","took":686,"userId":"","req":{"method":"POST","requestBody":{"password":"123456","username":"admin"},"requestURL":"http://localhost:9520/login/auth","remoteAddr":"0:0:0:0:0:0:0:1"},"res":{"msg":"","code":"200","info":{"token":"f8094a142edb4366bf25"}}}
2022-12-16 21:58:50.692 DEBUG [34dab505c4db][] [http-nio-5050-exec-4] c.h.e.service.TokenService:50 - æ ¹æ®tokenä»Žç¼“å­˜ä¸­æŸ¥è¯¢ç”¨æˆ·ä¿¡æ¯,f8094a142edb4366bf25
2022-12-16 21:58:50.696 DEBUG [34dab505c4db][admin] [http-nio-5050-exec-4] c.h.e.c.filter.WebLogAspect:47 - è¯·æ±‚è·¯å¾„ /login/getInfo ,è¿›å…¥æ–¹æ³• com.heeexy.example.controller.LoginController:getInfo
2022-12-16 21:58:50.697 DEBUG [34dab505c4db][admin] [http-nio-5050-exec-4] c.h.e.service.TokenService:50 - æ ¹æ®tokenä»Žç¼“å­˜ä¸­æŸ¥è¯¢ç”¨æˆ·ä¿¡æ¯,f8094a142edb4366bf25
2022-12-16 21:58:50.698 INFO  [34dab505c4db][admin] [http-nio-5050-exec-4] c.h.e.service.LoginService:49 - SessionUserInfo(userId=10003, username=admin, nickname=è¶…çº§ç”¨æˆ·, roleIds=[1], menuList=[role, user, article], permissionList=[article:list, user:list, user:add, role:update, article:add, role:list, article:update, user:update, role:delete, role:add])
2022-12-16 21:58:50.721 INFO  [34dab505c4db][admin] [http-nio-5050-exec-4] c.h.e.c.filter.WebLogAspect:69 - {"uri":"/login/getInfo","took":2,"userId":"","req":{"method":"POST","requestURL":"http://localhost:9520/login/getInfo","remoteAddr":"0:0:0:0:0:0:0:1"},"res":{"msg":"","code":"200","info":{"menuList":["role","user","article"],"roleIds":[1],"nickname":"è¶…çº§ç”¨æˆ·","permissionList":["article:list","user:list","user:add","role:update","article:add","role:list","article:update","user:update","role:delete","role:add"],"userId":10003,"username":"admin"}}}
2022-12-16 21:59:26.566 DEBUG [3990ac15f1d0][] [http-nio-5050-exec-7] c.h.e.service.TokenService:50 - æ ¹æ®tokenä»Žç¼“å­˜ä¸­æŸ¥è¯¢ç”¨æˆ·ä¿¡æ¯,f8094a142edb4366bf25
2022-12-16 21:59:26.570 DEBUG [3990ac15f1d0][admin] [http-nio-5050-exec-7] c.h.e.c.filter.WebLogAspect:47 - è¯·æ±‚è·¯å¾„ /article/listArticle ,è¿›å…¥æ–¹æ³• com.heeexy.example.controller.ArticleController:listArticle
2022-12-16 21:59:26.582 DEBUG [3990ac15f1d0][admin] [http-nio-5050-exec-7] c.h.e.c.f.PermissionAspect:35 - å¼€å§‹æ ¡éªŒ[æ“ä½œæƒé™]
2022-12-16 21:59:26.583 DEBUG [3990ac15f1d0][admin] [http-nio-5050-exec-7] c.h.e.service.TokenService:50 - æ ¹æ®tokenä»Žç¼“å­˜ä¸­æŸ¥è¯¢ç”¨æˆ·ä¿¡æ¯,f8094a142edb4366bf25
2022-12-16 21:59:26.585 DEBUG [3990ac15f1d0][admin] [http-nio-5050-exec-7] c.h.e.c.f.PermissionAspect:42 - æ ¡éªŒæƒé™code: [article:list]
2022-12-16 21:59:26.585 DEBUG [3990ac15f1d0][admin] [http-nio-5050-exec-7] c.h.e.c.f.PermissionAspect:43 - ç”¨æˆ·å·²æœ‰æƒé™: [article:list, user:list, user:add, role:update, article:add, role:list, article:update, user:update, role:delete, role:add]
2022-12-16 21:59:26.601 DEBUG [3990ac15f1d0][admin] [http-nio-5050-exec-7] c.h.e.d.A.countArticle:137 - ==>  Preparing: SELECT count(0) FROM article w WHERE w.delete_status = '1'
2022-12-16 21:59:26.602 DEBUG [3990ac15f1d0][admin] [http-nio-5050-exec-7] c.h.e.d.A.countArticle:137 - ==> Parameters: 
2022-12-16 21:59:26.607 DEBUG [3990ac15f1d0][admin] [http-nio-5050-exec-7] c.h.e.d.A.countArticle:137 - <==      Total: 1
2022-12-16 21:59:26.609 DEBUG [3990ac15f1d0][admin] [http-nio-5050-exec-7] c.h.e.d.ArticleDao.listArticle:137 - ==>  Preparing: SELECT w.id, w.content, date_format(w.create_time, '%Y.%m.%d %T') createTime, date_format(w.update_time, '%Y.%m.%d %T') updateTime FROM article w WHERE w.delete_status = '1' ORDER BY w.id DESC LIMIT ?, ?
2022-12-16 21:59:26.610 DEBUG [3990ac15f1d0][admin] [http-nio-5050-exec-7] c.h.e.d.ArticleDao.listArticle:137 - ==> Parameters: 0(Integer), 50(Integer)
2022-12-16 21:59:26.619 DEBUG [3990ac15f1d0][admin] [http-nio-5050-exec-7] c.h.e.d.ArticleDao.listArticle:137 - <==      Total: 5
2022-12-16 21:59:26.622 INFO  [3990ac15f1d0][admin] [http-nio-5050-exec-7] c.h.e.c.filter.WebLogAspect:69 - {"uri":"/article/listArticle","took":49,"userId":"","req":{"method":"GET","requestURL":"http://localhost:9520/article/listArticle","queryString":"pageNum=1&pageRow=50&name=","remoteAddr":"0:0:0:0:0:0:0:1"},"res":{"msg":"","code":"200","info":{"totalPage":1,"list":[{"createTime":"2017.11.18 13:37:07","updateTime":"2021.05.08 16:10:55","id":19,"content":"æ–‡ç« test2ðŸ¤£"},{"createTime":"2017.10.26 15:23:42","updateTime":"2017.10.26 15:23:42","id":11,"content":"æŽç™½"},{"createTime":"2017.10.26 14:57:45","updateTime":"2017.11.08 13:28:52","id":10,"content":"äºšåŽ†å±±å¤§"},{"createTime":"2017.10.26 10:49:28","updateTime":"2017.11.18 09:54:15","id":6,"content":"äºšé‡Œå£«å¤šå¾·"},{"createTime":"2017.10.25 09:08:45","updateTime":"2017.10.30 17:59:41","id":5,"content":"èŽŽå£«æ¯”äºš"}],"totalCount":5}}}
2022-12-16 21:59:28.626 DEBUG [85ef4fa8c88e][] [http-nio-5050-exec-8] c.h.e.service.TokenService:50 - æ ¹æ®tokenä»Žç¼“å­˜ä¸­æŸ¥è¯¢ç”¨æˆ·ä¿¡æ¯,f8094a142edb4366bf25
2022-12-16 21:59:28.627 DEBUG [85ef4fa8c88e][admin] [http-nio-5050-exec-8] c.h.e.c.filter.WebLogAspect:47 - è¯·æ±‚è·¯å¾„ /login/logout ,è¿›å…¥æ–¹æ³• com.heeexy.example.controller.LoginController:logout
2022-12-16 21:59:28.633 DEBUG [85ef4fa8c88e][admin] [http-nio-5050-exec-8] c.h.e.service.TokenService:73 - é€€å‡ºç™»å½•,æ¸…é™¤ç¼“å­˜:token=f8094a142edb4366bf25
2022-12-16 21:59:28.634 INFO  [85ef4fa8c88e][admin] [http-nio-5050-exec-8] c.h.e.c.filter.WebLogAspect:69 - {"uri":"/login/logout","took":5,"userId":"","req":{"method":"POST","requestURL":"http://localhost:9520/login/logout","remoteAddr":"0:0:0:0:0:0:0:1"},"res":{"msg":"","code":"200","info":{}}}
2022-12-16 21:59:35.320 DEBUG [c0772a4d0452][] [http-nio-5050-exec-9] c.h.e.c.filter.WebLogAspect:47 - è¯·æ±‚è·¯å¾„ /login/auth ,è¿›å…¥æ–¹æ³• com.heeexy.example.controller.LoginController:authLogin
2022-12-16 21:59:35.322 DEBUG [c0772a4d0452][] [http-nio-5050-exec-9] c.h.e.dao.LoginDao.checkUser:137 - ==>  Preparing: SELECT u.id userId FROM sys_user u WHERE u.username = ? AND u.password = ? AND u.delete_status = '1'
2022-12-16 21:59:35.322 DEBUG [c0772a4d0452][] [http-nio-5050-exec-9] c.h.e.dao.LoginDao.checkUser:137 - ==> Parameters: admin(String), 123456(String)
2022-12-16 21:59:35.324 DEBUG [c0772a4d0452][] [http-nio-5050-exec-9] c.h.e.dao.LoginDao.checkUser:137 - <==      Total: 1
2022-12-16 21:59:35.327 DEBUG [c0772a4d0452][admin] [http-nio-5050-exec-9] c.h.e.dao.LoginDao.getUserInfo:137 - ==>  Preparing: SELECT u.id userId, u.username, u.nickname, ur.role_id roleId, p.menu_code menuCode, p.permission_code permissionCode FROM sys_user u LEFT JOIN sys_user_role ur on u.id = ur.user_id LEFT JOIN sys_role r ON r.id = ur.role_id LEFT JOIN sys_role_permission rp ON r.id = rp.role_id LEFT JOIN sys_permission p ON rp.permission_id = p.id AND rp.delete_status = '1' WHERE u.username = ? AND u.delete_status = '1'
2022-12-16 21:59:35.328 DEBUG [c0772a4d0452][admin] [http-nio-5050-exec-9] c.h.e.dao.LoginDao.getUserInfo:137 - ==> Parameters: admin(String)
2022-12-16 21:59:35.331 DEBUG [c0772a4d0452][admin] [http-nio-5050-exec-9] c.h.e.dao.LoginDao.getUserInfo:137 - <==      Total: 1
2022-12-16 21:59:35.332 DEBUG [c0772a4d0452][admin] [http-nio-5050-exec-9] c.h.e.dao.LoginDao.getAllMenu:137 - ==>  Preparing: select distinct(menu_code) from sys_permission;
2022-12-16 21:59:35.332 DEBUG [c0772a4d0452][admin] [http-nio-5050-exec-9] c.h.e.dao.LoginDao.getAllMenu:137 - ==> Parameters: 
2022-12-16 21:59:35.334 DEBUG [c0772a4d0452][admin] [http-nio-5050-exec-9] c.h.e.dao.LoginDao.getAllMenu:137 - <==      Total: 3
2022-12-16 21:59:35.334 DEBUG [c0772a4d0452][admin] [http-nio-5050-exec-9] c.h.e.d.L.getAllPermissionCode:137 - ==>  Preparing: select distinct(permission_code) from sys_permission;
2022-12-16 21:59:35.335 DEBUG [c0772a4d0452][admin] [http-nio-5050-exec-9] c.h.e.d.L.getAllPermissionCode:137 - ==> Parameters: 
2022-12-16 21:59:35.337 DEBUG [c0772a4d0452][admin] [http-nio-5050-exec-9] c.h.e.d.L.getAllPermissionCode:137 - <==      Total: 10
2022-12-16 21:59:35.337 INFO  [c0772a4d0452][admin] [http-nio-5050-exec-9] c.h.e.service.TokenService:61 - è®¾ç½®ç”¨æˆ·ä¿¡æ¯ç¼“å­˜:token=ed61ffe8975f4d608ab8 , username=admin, info=SessionUserInfo(userId=10003, username=admin, nickname=è¶…çº§ç”¨æˆ·, roleIds=[1], menuList=[role, user, article], permissionList=[article:list, user:list, user:add, role:update, article:add, role:list, article:update, user:update, role:delete, role:add])
2022-12-16 21:59:35.338 INFO  [c0772a4d0452][admin] [http-nio-5050-exec-9] c.h.e.c.filter.WebLogAspect:69 - {"uri":"/login/auth","took":17,"userId":"","req":{"method":"POST","requestBody":{"password":"123456","username":"admin"},"requestURL":"http://localhost:9520/login/auth","remoteAddr":"0:0:0:0:0:0:0:1"},"res":{"msg":"","code":"200","info":{"token":"ed61ffe8975f4d608ab8"}}}
2022-12-16 21:59:35.357 DEBUG [8eb9d29ef85c][] [http-nio-5050-exec-10] c.h.e.service.TokenService:50 - æ ¹æ®tokenä»Žç¼“å­˜ä¸­æŸ¥è¯¢ç”¨æˆ·ä¿¡æ¯,ed61ffe8975f4d608ab8
2022-12-16 21:59:35.358 DEBUG [8eb9d29ef85c][admin] [http-nio-5050-exec-10] c.h.e.c.filter.WebLogAspect:47 - è¯·æ±‚è·¯å¾„ /login/getInfo ,è¿›å…¥æ–¹æ³• com.heeexy.example.controller.LoginController:getInfo
2022-12-16 21:59:35.359 DEBUG [8eb9d29ef85c][admin] [http-nio-5050-exec-10] c.h.e.service.TokenService:50 - æ ¹æ®tokenä»Žç¼“å­˜ä¸­æŸ¥è¯¢ç”¨æˆ·ä¿¡æ¯,ed61ffe8975f4d608ab8
2022-12-16 21:59:35.360 INFO  [8eb9d29ef85c][admin] [http-nio-5050-exec-10] c.h.e.service.LoginService:49 - SessionUserInfo(userId=10003, username=admin, nickname=è¶…çº§ç”¨æˆ·, roleIds=[1], menuList=[role, user, article], permissionList=[article:list, user:list, user:add, role:update, article:add, role:list, article:update, user:update, role:delete, role:add])
2022-12-16 21:59:35.363 INFO  [8eb9d29ef85c][admin] [http-nio-5050-exec-10] c.h.e.c.filter.WebLogAspect:69 - {"uri":"/login/getInfo","took":3,"userId":"","req":{"method":"POST","requestURL":"http://localhost:9520/login/getInfo","remoteAddr":"0:0:0:0:0:0:0:1"},"res":{"msg":"","code":"200","info":{"menuList":["role","user","article"],"roleIds":[1],"nickname":"è¶…çº§ç”¨æˆ·","permissionList":["article:list","user:list","user:add","role:update","article:add","role:list","article:update","user:update","role:delete","role:add"],"userId":10003,"username":"admin"}}}
2022-12-16 21:59:58.841 DEBUG [accf57c8d7d9][] [http-nio-5050-exec-1] c.h.e.service.TokenService:50 - æ ¹æ®tokenä»Žç¼“å­˜ä¸­æŸ¥è¯¢ç”¨æˆ·ä¿¡æ¯,ed61ffe8975f4d608ab8
2022-12-16 21:59:58.844 DEBUG [accf57c8d7d9][admin] [http-nio-5050-exec-1] c.h.e.c.filter.WebLogAspect:47 - è¯·æ±‚è·¯å¾„ /article/listArticle ,è¿›å…¥æ–¹æ³• com.heeexy.example.controller.ArticleController:listArticle
2022-12-16 21:59:58.845 DEBUG [accf57c8d7d9][admin] [http-nio-5050-exec-1] c.h.e.c.f.PermissionAspect:35 - å¼€å§‹æ ¡éªŒ[æ“ä½œæƒé™]
2022-12-16 21:59:58.845 DEBUG [accf57c8d7d9][admin] [http-nio-5050-exec-1] c.h.e.service.TokenService:50 - æ ¹æ®tokenä»Žç¼“å­˜ä¸­æŸ¥è¯¢ç”¨æˆ·ä¿¡æ¯,ed61ffe8975f4d608ab8
2022-12-16 21:59:58.846 DEBUG [accf57c8d7d9][admin] [http-nio-5050-exec-1] c.h.e.c.f.PermissionAspect:42 - æ ¡éªŒæƒé™code: [article:list]
2022-12-16 21:59:58.846 DEBUG [accf57c8d7d9][admin] [http-nio-5050-exec-1] c.h.e.c.f.PermissionAspect:43 - ç”¨æˆ·å·²æœ‰æƒé™: [article:list, user:list, user:add, role:update, article:add, role:list, article:update, user:update, role:delete, role:add]
2022-12-16 21:59:58.848 DEBUG [accf57c8d7d9][admin] [http-nio-5050-exec-1] c.h.e.d.A.countArticle:137 - ==>  Preparing: SELECT count(0) FROM article w WHERE w.delete_status = '1'
2022-12-16 21:59:58.849 DEBUG [accf57c8d7d9][admin] [http-nio-5050-exec-1] c.h.e.d.A.countArticle:137 - ==> Parameters: 
2022-12-16 21:59:58.851 DEBUG [accf57c8d7d9][admin] [http-nio-5050-exec-1] c.h.e.d.A.countArticle:137 - <==      Total: 1
2022-12-16 21:59:58.853 DEBUG [accf57c8d7d9][admin] [http-nio-5050-exec-1] c.h.e.d.ArticleDao.listArticle:137 - ==>  Preparing: SELECT w.id, w.content, date_format(w.create_time, '%Y.%m.%d %T') createTime, date_format(w.update_time, '%Y.%m.%d %T') updateTime FROM article w WHERE w.delete_status = '1' ORDER BY w.id DESC LIMIT ?, ?
2022-12-16 21:59:58.854 DEBUG [accf57c8d7d9][admin] [http-nio-5050-exec-1] c.h.e.d.ArticleDao.listArticle:137 - ==> Parameters: 0(Integer), 50(Integer)
2022-12-16 21:59:58.858 DEBUG [accf57c8d7d9][admin] [http-nio-5050-exec-1] c.h.e.d.ArticleDao.listArticle:137 - <==      Total: 5
2022-12-16 21:59:58.859 INFO  [accf57c8d7d9][admin] [http-nio-5050-exec-1] c.h.e.c.filter.WebLogAspect:69 - {"uri":"/article/listArticle","took":14,"userId":"","req":{"method":"GET","requestURL":"http://localhost:9520/article/listArticle","queryString":"pageNum=1&pageRow=50&name=","remoteAddr":"0:0:0:0:0:0:0:1"},"res":{"msg":"","code":"200","info":{"totalPage":1,"list":[{"createTime":"2017.11.18 13:37:07","updateTime":"2021.05.08 16:10:55","id":19,"content":"æ–‡ç« test2ðŸ¤£"},{"createTime":"2017.10.26 15:23:42","updateTime":"2017.10.26 15:23:42","id":11,"content":"æŽç™½"},{"createTime":"2017.10.26 14:57:45","updateTime":"2017.11.08 13:28:52","id":10,"content":"äºšåŽ†å±±å¤§"},{"createTime":"2017.10.26 10:49:28","updateTime":"2017.11.18 09:54:15","id":6,"content":"äºšé‡Œå£«å¤šå¾·"},{"createTime":"2017.10.25 09:08:45","updateTime":"2017.10.30 17:59:41","id":5,"content":"èŽŽå£«æ¯”äºš"}],"totalCount":5}}}
2022-12-16 22:00:28.395 DEBUG [5f7225f2fc9d][] [http-nio-5050-exec-2] c.h.e.service.TokenService:50 - æ ¹æ®tokenä»Žç¼“å­˜ä¸­æŸ¥è¯¢ç”¨æˆ·ä¿¡æ¯,ed61ffe8975f4d608ab8
2022-12-16 22:00:28.396 DEBUG [13a39ca07da3][] [http-nio-5050-exec-3] c.h.e.service.TokenService:50 - æ ¹æ®tokenä»Žç¼“å­˜ä¸­æŸ¥è¯¢ç”¨æˆ·ä¿¡æ¯,ed61ffe8975f4d608ab8
2022-12-16 22:00:28.397 DEBUG [5f7225f2fc9d][admin] [http-nio-5050-exec-2] c.h.e.c.filter.WebLogAspect:47 - è¯·æ±‚è·¯å¾„ /user/list ,è¿›å…¥æ–¹æ³• com.heeexy.example.controller.UserController:listUser
2022-12-16 22:00:28.398 DEBUG [5f7225f2fc9d][admin] [http-nio-5050-exec-2] c.h.e.c.f.PermissionAspect:35 - å¼€å§‹æ ¡éªŒ[æ“ä½œæƒé™]
2022-12-16 22:00:28.399 DEBUG [5f7225f2fc9d][admin] [http-nio-5050-exec-2] c.h.e.service.TokenService:50 - æ ¹æ®tokenä»Žç¼“å­˜ä¸­æŸ¥è¯¢ç”¨æˆ·ä¿¡æ¯,ed61ffe8975f4d608ab8
2022-12-16 22:00:28.399 DEBUG [13a39ca07da3][admin] [http-nio-5050-exec-3] c.h.e.c.filter.WebLogAspect:47 - è¯·æ±‚è·¯å¾„ /user/getAllRoles ,è¿›å…¥æ–¹æ³• com.heeexy.example.controller.UserController:getAllRoles
2022-12-16 22:00:28.400 DEBUG [5f7225f2fc9d][admin] [http-nio-5050-exec-2] c.h.e.c.f.PermissionAspect:42 - æ ¡éªŒæƒé™code: [user:list]
2022-12-16 22:00:28.400 DEBUG [13a39ca07da3][admin] [http-nio-5050-exec-3] c.h.e.c.f.PermissionAspect:35 - å¼€å§‹æ ¡éªŒ[æ“ä½œæƒé™]
2022-12-16 22:00:28.401 DEBUG [13a39ca07da3][admin] [http-nio-5050-exec-3] c.h.e.service.TokenService:50 - æ ¹æ®tokenä»Žç¼“å­˜ä¸­æŸ¥è¯¢ç”¨æˆ·ä¿¡æ¯,ed61ffe8975f4d608ab8
2022-12-16 22:00:28.401 DEBUG [5f7225f2fc9d][admin] [http-nio-5050-exec-2] c.h.e.c.f.PermissionAspect:43 - ç”¨æˆ·å·²æœ‰æƒé™: [article:list, user:list, user:add, role:update, article:add, role:list, article:update, user:update, role:delete, role:add]
2022-12-16 22:00:28.402 DEBUG [13a39ca07da3][admin] [http-nio-5050-exec-3] c.h.e.c.f.PermissionAspect:42 - æ ¡éªŒæƒé™code: [user:add, user:update]
2022-12-16 22:00:28.402 DEBUG [13a39ca07da3][admin] [http-nio-5050-exec-3] c.h.e.c.f.PermissionAspect:43 - ç”¨æˆ·å·²æœ‰æƒé™: [article:list, user:list, user:add, role:update, article:add, role:list, article:update, user:update, role:delete, role:add]
2022-12-16 22:00:28.416 DEBUG [13a39ca07da3][admin] [http-nio-5050-exec-3] c.h.e.dao.UserDao.getAllRoles:137 - ==>  Preparing: SELECT id roleId, role_name roleName FROM sys_role WHERE delete_status = '1'
2022-12-16 22:00:28.417 DEBUG [13a39ca07da3][admin] [http-nio-5050-exec-3] c.h.e.dao.UserDao.getAllRoles:137 - ==> Parameters: 
2022-12-16 22:00:28.419 DEBUG [5f7225f2fc9d][admin] [http-nio-5050-exec-2] c.h.e.dao.UserDao.countUser:137 - ==>  Preparing: SELECT count(0) FROM sys_user u WHERE u.delete_status = '1'
2022-12-16 22:00:28.420 DEBUG [5f7225f2fc9d][admin] [http-nio-5050-exec-2] c.h.e.dao.UserDao.countUser:137 - ==> Parameters: 
2022-12-16 22:00:28.421 DEBUG [13a39ca07da3][admin] [http-nio-5050-exec-3] c.h.e.dao.UserDao.getAllRoles:137 - <==      Total: 4
2022-12-16 22:00:28.423 INFO  [13a39ca07da3][admin] [http-nio-5050-exec-3] c.h.e.c.filter.WebLogAspect:69 - {"uri":"/user/getAllRoles","took":22,"userId":"","req":{"method":"GET","requestURL":"http://localhost:9520/user/getAllRoles","remoteAddr":"0:0:0:0:0:0:0:1"},"res":{"msg":"","code":"200","info":{"list":[{"roleId":1,"roleName":"ç®¡ç†å‘˜"},{"roleId":2,"roleName":"ä½œå®¶ðŸŒ"},{"roleId":3,"roleName":"ç¨‹åºå‘˜"},{"roleId":4,"roleName":"åªæœ‰æ–‡ç« "}]}}}
2022-12-16 22:00:28.423 DEBUG [5f7225f2fc9d][admin] [http-nio-5050-exec-2] c.h.e.dao.UserDao.countUser:137 - <==      Total: 1
2022-12-16 22:00:28.425 DEBUG [5f7225f2fc9d][admin] [http-nio-5050-exec-2] c.h.e.dao.UserDao.listUser:137 - ==>  Preparing: SELECT u.*, r.id roleId, r.role_name roleName FROM ( SELECT id userId, username username, nickname nickname, delete_status deleteStatus, DATE_FORMAT(create_time, '%Y.%m.%d %T') createTime, DATE_FORMAT(update_time, '%Y.%m.%d %T') updateTime FROM sys_user WHERE delete_status = '1' ORDER BY id LIMIT ?, ? ) u LEFT JOIN sys_user_role ur on ur.user_id = u.userId LEFT JOIN sys_role r ON r.id = ur.role_id ORDER BY u.userId, r.id
2022-12-16 22:00:28.427 DEBUG [5f7225f2fc9d][admin] [http-nio-5050-exec-2] c.h.e.dao.UserDao.listUser:137 - ==> Parameters: 0(Integer), 50(Integer)
2022-12-16 22:00:28.441 DEBUG [5f7225f2fc9d][admin] [http-nio-5050-exec-2] c.h.e.dao.UserDao.listUser:137 - <==      Total: 6
2022-12-16 22:00:28.443 INFO  [5f7225f2fc9d][admin] [http-nio-5050-exec-2] c.h.e.c.filter.WebLogAspect:69 - {"uri":"/user/list","took":44,"userId":"","req":{"method":"GET","requestURL":"http://localhost:9520/user/list","queryString":"pageNum=1&pageRow=50","remoteAddr":"0:0:0:0:0:0:0:1"},"res":{"msg":"","code":"200","info":{"totalPage":1,"list":[{"createTime":"2017.10.30 11:52:38","deleteStatus":"1","roles":[{"roleId":1,"roleName":"ç®¡ç†å‘˜"}],"nickname":"è¶…çº§ç”¨æˆ·","updateTime":"2021.05.08 23:26:56","userId":10003,"username":"admin"},{"createTime":"2017.10.30 16:13:02","deleteStatus":"1","roles":[{"roleId":2,"roleName":"ä½œå®¶ðŸŒ"},{"roleId":3,"roleName":"ç¨‹åºå‘˜"}],"nickname":"èŽŽå£«æ¯”äºšðŸ˜˜","updateTime":"2021.05.08 16:11:13","userId":10004,"username":"user"},{"createTime":"2017.11.15 14:02:56","deleteStatus":"1","roles":[{"roleId":1,"roleName":"ç®¡ç†å‘˜"},{"roleId":2,"roleName":"ä½œå®¶ðŸŒ"}],"nickname":"ðŸŒ¹","updateTime":"2021.05.08 23:26:23","userId":10005,"username":"aaa"},{"createTime":"2021.05.08 23:21:54","deleteStatus":"1","roles":[{"roleId":4,"roleName":"åªæœ‰æ–‡ç« "}],"nickname":"ðŸ˜¯","updateTime":"2021.05.08 23:26:32","userId":10008,"username":"sa"}],"totalCount":4}}}
2022-12-16 22:00:58.651 DEBUG [71e127628056][] [http-nio-5050-exec-4] c.h.e.service.TokenService:50 - æ ¹æ®tokenä»Žç¼“å­˜ä¸­æŸ¥è¯¢ç”¨æˆ·ä¿¡æ¯,ed61ffe8975f4d608ab8
2022-12-16 22:00:58.654 DEBUG [71e127628056][admin] [http-nio-5050-exec-4] c.h.e.c.filter.WebLogAspect:47 - è¯·æ±‚è·¯å¾„ /article/listArticle ,è¿›å…¥æ–¹æ³• com.heeexy.example.controller.ArticleController:listArticle
2022-12-16 22:00:58.655 DEBUG [71e127628056][admin] [http-nio-5050-exec-4] c.h.e.c.f.PermissionAspect:35 - å¼€å§‹æ ¡éªŒ[æ“ä½œæƒé™]
2022-12-16 22:00:58.655 DEBUG [71e127628056][admin] [http-nio-5050-exec-4] c.h.e.service.TokenService:50 - æ ¹æ®tokenä»Žç¼“å­˜ä¸­æŸ¥è¯¢ç”¨æˆ·ä¿¡æ¯,ed61ffe8975f4d608ab8
2022-12-16 22:00:58.655 DEBUG [71e127628056][admin] [http-nio-5050-exec-4] c.h.e.c.f.PermissionAspect:42 - æ ¡éªŒæƒé™code: [article:list]
2022-12-16 22:00:58.656 DEBUG [71e127628056][admin] [http-nio-5050-exec-4] c.h.e.c.f.PermissionAspect:43 - ç”¨æˆ·å·²æœ‰æƒé™: [article:list, user:list, user:add, role:update, article:add, role:list, article:update, user:update, role:delete, role:add]
2022-12-16 22:00:58.658 DEBUG [71e127628056][admin] [http-nio-5050-exec-4] c.h.e.d.A.countArticle:137 - ==>  Preparing: SELECT count(0) FROM article w WHERE w.delete_status = '1'
2022-12-16 22:00:58.660 DEBUG [71e127628056][admin] [http-nio-5050-exec-4] c.h.e.d.A.countArticle:137 - ==> Parameters: 
2022-12-16 22:00:58.664 DEBUG [71e127628056][admin] [http-nio-5050-exec-4] c.h.e.d.A.countArticle:137 - <==      Total: 1
2022-12-16 22:00:58.666 DEBUG [71e127628056][admin] [http-nio-5050-exec-4] c.h.e.d.ArticleDao.listArticle:137 - ==>  Preparing: SELECT w.id, w.content, date_format(w.create_time, '%Y.%m.%d %T') createTime, date_format(w.update_time, '%Y.%m.%d %T') updateTime FROM article w WHERE w.delete_status = '1' ORDER BY w.id DESC LIMIT ?, ?
2022-12-16 22:00:58.667 DEBUG [71e127628056][admin] [http-nio-5050-exec-4] c.h.e.d.ArticleDao.listArticle:137 - ==> Parameters: 0(Integer), 50(Integer)
2022-12-16 22:00:58.670 DEBUG [71e127628056][admin] [http-nio-5050-exec-4] c.h.e.d.ArticleDao.listArticle:137 - <==      Total: 5
2022-12-16 22:00:58.671 INFO  [71e127628056][admin] [http-nio-5050-exec-4] c.h.e.c.filter.WebLogAspect:69 - {"uri":"/article/listArticle","took":16,"userId":"","req":{"method":"GET","requestURL":"http://localhost:9520/article/listArticle","queryString":"pageNum=1&pageRow=50&name=","remoteAddr":"0:0:0:0:0:0:0:1"},"res":{"msg":"","code":"200","info":{"totalPage":1,"list":[{"createTime":"2017.11.18 13:37:07","updateTime":"2021.05.08 16:10:55","id":19,"content":"æ–‡ç« test2ðŸ¤£"},{"createTime":"2017.10.26 15:23:42","updateTime":"2017.10.26 15:23:42","id":11,"content":"æŽç™½"},{"createTime":"2017.10.26 14:57:45","updateTime":"2017.11.08 13:28:52","id":10,"content":"äºšåŽ†å±±å¤§"},{"createTime":"2017.10.26 10:49:28","updateTime":"2017.11.18 09:54:15","id":6,"content":"äºšé‡Œå£«å¤šå¾·"},{"createTime":"2017.10.25 09:08:45","updateTime":"2017.10.30 17:59:41","id":5,"content":"èŽŽå£«æ¯”äºš"}],"totalCount":5}}}
2022-12-16 23:45:14.125 WARN  [][] [HikariPool-1 housekeeper] c.z.hikari.pool.HikariPool:788 - HikariPool-1 - Thread starvation or clock leap detected (housekeeper delta=1h38m23s603ms).
