2022-12-07 22:47:08.088 INFO  [][] [restartedMain] c.heeexy.example.MyApplication:55 - Starting MyApplication using Java 1.8.0_111 on 192.168.9.103 with PID 4922 (/Users/info_kerwin/Documents/Intellij_workspace/xiangqin/back/target/classes started by info_kerwin in /Users/info_kerwin/Documents/Intellij_workspace/xiangqin)
2022-12-07 22:47:08.090 DEBUG [][] [restartedMain] c.heeexy.example.MyApplication:56 - Running with Spring Boot v2.7.6, Spring v5.3.24
2022-12-07 22:47:08.091 INFO  [][] [restartedMain] c.heeexy.example.MyApplication:637 - The following 1 profile is active: "local"
2022-12-07 22:47:08.208 WARN  [][] [restartedMain] o.s.b.c.c.ConfigDataEnvironment:258 - Property 'spring.profiles' imported from location 'class path resource [application-local.yml]' is invalid and should be replaced with 'spring.config.activate.on-profile' [origin: class path resource [application-local.yml] - 2:13]
2022-12-07 22:47:10.695 DEBUG [][] [restartedMain] c.h.e.c.filter.RequestFilter:242 - Filter 'requestFilter' configured for use
2022-12-07 22:47:11.622 WARN  [][] [restartedMain] o.s.b.w.s.c.AnnotationConfigServletWebServerApplicationContext:591 - Exception encountered during context initialization - cancelling refresh attempt: org.springframework.context.ApplicationContextException: Failed to start bean 'webServerStartStop'; nested exception is org.springframework.boot.web.server.PortInUseException: Port 8080 is already in use
2022-12-07 22:47:11.663 ERROR [][] [restartedMain] o.s.b.d.LoggingFailureAnalysisReporter:40 - 

***************************
APPLICATION FAILED TO START
***************************

Description:

Web server failed to start. Port 8080 was already in use.

Action:

Identify and stop the process that's listening on port 8080 or configure this application to listen on another port.

2022-12-07 22:48:14.258 INFO  [][] [restartedMain] c.heeexy.example.MyApplication:55 - Starting MyApplication using Java 1.8.0_111 on 192.168.9.103 with PID 4947 (/Users/info_kerwin/Documents/Intellij_workspace/xiangqin/back/target/classes started by info_kerwin in /Users/info_kerwin/Documents/Intellij_workspace/xiangqin)
2022-12-07 22:48:14.260 DEBUG [][] [restartedMain] c.heeexy.example.MyApplication:56 - Running with Spring Boot v2.7.6, Spring v5.3.24
2022-12-07 22:48:14.290 INFO  [][] [restartedMain] c.heeexy.example.MyApplication:637 - The following 1 profile is active: "local"
2022-12-07 22:48:14.431 WARN  [][] [restartedMain] o.s.b.c.c.ConfigDataEnvironment:258 - Property 'spring.profiles' imported from location 'class path resource [application-local.yml]' is invalid and should be replaced with 'spring.config.activate.on-profile' [origin: class path resource [application-local.yml] - 2:13]
2022-12-07 22:48:17.408 DEBUG [][] [restartedMain] c.h.e.c.filter.RequestFilter:242 - Filter 'requestFilter' configured for use
2022-12-07 22:48:18.355 INFO  [][] [restartedMain] c.heeexy.example.MyApplication:61 - Started MyApplication in 4.847 seconds (JVM running for 6.166)
2022-12-07 23:44:06.554 INFO  [][] [restartedMain] c.heeexy.example.MyApplication:55 - Starting MyApplication using Java 1.8.0_111 on 192.168.9.103 with PID 22032 (/Users/info_kerwin/Documents/Intellij_workspace/xiangqin/back/target/classes started by info_kerwin in /Users/info_kerwin/Documents/Intellij_workspace/xiangqin)
2022-12-07 23:44:06.557 DEBUG [][] [restartedMain] c.heeexy.example.MyApplication:56 - Running with Spring Boot v2.7.6, Spring v5.3.24
2022-12-07 23:44:06.564 INFO  [][] [restartedMain] c.heeexy.example.MyApplication:637 - The following 1 profile is active: "local"
2022-12-07 23:44:06.690 WARN  [][] [restartedMain] o.s.b.c.c.ConfigDataEnvironment:258 - Property 'spring.profiles' imported from location 'class path resource [application-local.yml]' is invalid and should be replaced with 'spring.config.activate.on-profile' [origin: class path resource [application-local.yml] - 2:13]
2022-12-07 23:44:10.903 DEBUG [][] [restartedMain] c.h.e.c.filter.RequestFilter:242 - Filter 'requestFilter' configured for use
2022-12-07 23:44:14.839 INFO  [][] [restartedMain] c.heeexy.example.MyApplication:61 - Started MyApplication in 9.4 seconds (JVM running for 11.072)
2022-12-07 23:47:40.497 DEBUG [b8b2fbd19ffa][] [http-nio-5050-exec-4] c.h.e.c.filter.WebLogAspect:47 - 请求路径 /login/auth ,进入方法 com.heeexy.example.controller.LoginController:authLogin
2022-12-07 23:47:40.622 INFO  [b8b2fbd19ffa][] [http-nio-5050-exec-4] c.z.hikari.HikariDataSource:110 - HikariPool-1 - Starting...
2022-12-07 23:47:41.996 ERROR [b8b2fbd19ffa][] [http-nio-5050-exec-4] c.z.hikari.pool.HikariPool:594 - HikariPool-1 - Exception during pool initialization.
java.sql.SQLException: Access denied for user 'root'@'localhost' (using password: NO)
	at com.mysql.cj.jdbc.exceptions.SQLError.createSQLException(SQLError.java:129)
	at com.mysql.cj.jdbc.exceptions.SQLExceptionsMapping.translateException(SQLExceptionsMapping.java:122)
	at com.mysql.cj.jdbc.ConnectionImpl.createNewIO(ConnectionImpl.java:828)
	at com.mysql.cj.jdbc.ConnectionImpl.<init>(ConnectionImpl.java:448)
	at com.mysql.cj.jdbc.ConnectionImpl.getInstance(ConnectionImpl.java:241)
	at com.mysql.cj.jdbc.NonRegisteringDriver.connect(NonRegisteringDriver.java:198)
	at com.zaxxer.hikari.util.DriverDataSource.getConnection(DriverDataSource.java:138)
	at com.zaxxer.hikari.pool.PoolBase.newConnection(PoolBase.java:364)
	at com.zaxxer.hikari.pool.PoolBase.newPoolEntry(PoolBase.java:206)
	at com.zaxxer.hikari.pool.HikariPool.createPoolEntry(HikariPool.java:476)
	at com.zaxxer.hikari.pool.HikariPool.checkFailFast(HikariPool.java:561)
	at com.zaxxer.hikari.pool.HikariPool.<init>(HikariPool.java:115)
	at com.zaxxer.hikari.HikariDataSource.getConnection(HikariDataSource.java:112)
	at org.springframework.jdbc.datasource.DataSourceUtils.fetchConnection(DataSourceUtils.java:159)
	at org.springframework.jdbc.datasource.DataSourceUtils.doGetConnection(DataSourceUtils.java:117)
	at org.springframework.jdbc.datasource.DataSourceUtils.getConnection(DataSourceUtils.java:80)
	at org.mybatis.spring.transaction.SpringManagedTransaction.openConnection(SpringManagedTransaction.java:80)
	at org.mybatis.spring.transaction.SpringManagedTransaction.getConnection(SpringManagedTransaction.java:67)
	at org.apache.ibatis.executor.BaseExecutor.getConnection(BaseExecutor.java:337)
	at org.apache.ibatis.executor.SimpleExecutor.prepareStatement(SimpleExecutor.java:86)
	at org.apache.ibatis.executor.SimpleExecutor.doQuery(SimpleExecutor.java:62)
	at org.apache.ibatis.executor.BaseExecutor.queryFromDatabase(BaseExecutor.java:325)
	at org.apache.ibatis.executor.BaseExecutor.query(BaseExecutor.java:156)
	at org.apache.ibatis.executor.CachingExecutor.query(CachingExecutor.java:109)
	at org.apache.ibatis.executor.CachingExecutor.query(CachingExecutor.java:89)
	at org.apache.ibatis.session.defaults.DefaultSqlSession.selectList(DefaultSqlSession.java:147)
	at org.apache.ibatis.session.defaults.DefaultSqlSession.selectList(DefaultSqlSession.java:140)
	at org.apache.ibatis.session.defaults.DefaultSqlSession.selectOne(DefaultSqlSession.java:76)
	at sun.reflect.NativeMethodAccessorImpl.invoke0(Native Method)
	at sun.reflect.NativeMethodAccessorImpl.invoke(NativeMethodAccessorImpl.java:62)
	at sun.reflect.DelegatingMethodAccessorImpl.invoke(DelegatingMethodAccessorImpl.java:43)
	at java.lang.reflect.Method.invoke(Method.java:498)
	at org.mybatis.spring.SqlSessionTemplate$SqlSessionInterceptor.invoke(SqlSessionTemplate.java:427)
	at com.sun.proxy.$Proxy71.selectOne(Unknown Source)
	at org.mybatis.spring.SqlSessionTemplate.selectOne(SqlSessionTemplate.java:160)
	at org.apache.ibatis.binding.MapperMethod.execute(MapperMethod.java:87)
	at org.apache.ibatis.binding.MapperProxy$PlainMethodInvoker.invoke(MapperProxy.java:152)
	at org.apache.ibatis.binding.MapperProxy.invoke(MapperProxy.java:85)
	at com.sun.proxy.$Proxy72.checkUser(Unknown Source)
	at com.heeexy.example.service.LoginService.authLogin(LoginService.java:34)
	at com.heeexy.example.controller.LoginController.authLogin(LoginController.java:30)
	at com.heeexy.example.controller.LoginController$$FastClassBySpringCGLIB$$d8f2121a.invoke(<generated>)
	at org.springframework.cglib.proxy.MethodProxy.invoke(MethodProxy.java:218)
	at org.springframework.aop.framework.CglibAopProxy$CglibMethodInvocation.invokeJoinpoint(CglibAopProxy.java:793)
	at org.springframework.aop.framework.ReflectiveMethodInvocation.proceed(ReflectiveMethodInvocation.java:163)
	at org.springframework.aop.framework.CglibAopProxy$CglibMethodInvocation.proceed(CglibAopProxy.java:763)
	at org.springframework.aop.framework.adapter.AfterReturningAdviceInterceptor.invoke(AfterReturningAdviceInterceptor.java:57)
	at org.springframework.aop.framework.ReflectiveMethodInvocation.proceed(ReflectiveMethodInvocation.java:186)
	at org.springframework.aop.framework.CglibAopProxy$CglibMethodInvocation.proceed(CglibAopProxy.java:763)
	at org.springframework.aop.framework.adapter.MethodBeforeAdviceInterceptor.invoke(MethodBeforeAdviceInterceptor.java:58)
	at org.springframework.aop.framework.ReflectiveMethodInvocation.proceed(ReflectiveMethodInvocation.java:186)
	at org.springframework.aop.framework.CglibAopProxy$CglibMethodInvocation.proceed(CglibAopProxy.java:763)
	at org.springframework.aop.interceptor.ExposeInvocationInterceptor.invoke(ExposeInvocationInterceptor.java:97)
	at org.springframework.aop.framework.ReflectiveMethodInvocation.proceed(ReflectiveMethodInvocation.java:186)
	at org.springframework.aop.framework.CglibAopProxy$CglibMethodInvocation.proceed(CglibAopProxy.java:763)
	at org.springframework.aop.framework.CglibAopProxy$DynamicAdvisedInterceptor.intercept(CglibAopProxy.java:708)
	at com.heeexy.example.controller.LoginController$$EnhancerBySpringCGLIB$$1a6adaef.authLogin(<generated>)
	at sun.reflect.NativeMethodAccessorImpl.invoke0(Native Method)
	at sun.reflect.NativeMethodAccessorImpl.invoke(NativeMethodAccessorImpl.java:62)
	at sun.reflect.DelegatingMethodAccessorImpl.invoke(DelegatingMethodAccessorImpl.java:43)
	at java.lang.reflect.Method.invoke(Method.java:498)
	at org.springframework.web.method.support.InvocableHandlerMethod.doInvoke(InvocableHandlerMethod.java:205)
	at org.springframework.web.method.support.InvocableHandlerMethod.invokeForRequest(InvocableHandlerMethod.java:150)
	at org.springframework.web.servlet.mvc.method.annotation.ServletInvocableHandlerMethod.invokeAndHandle(ServletInvocableHandlerMethod.java:117)
	at org.springframework.web.servlet.mvc.method.annotation.RequestMappingHandlerAdapter.invokeHandlerMethod(RequestMappingHandlerAdapter.java:895)
	at org.springframework.web.servlet.mvc.method.annotation.RequestMappingHandlerAdapter.handleInternal(RequestMappingHandlerAdapter.java:808)
	at org.springframework.web.servlet.mvc.method.AbstractHandlerMethodAdapter.handle(AbstractHandlerMethodAdapter.java:87)
	at org.springframework.web.servlet.DispatcherServlet.doDispatch(DispatcherServlet.java:1071)
	at org.springframework.web.servlet.DispatcherServlet.doService(DispatcherServlet.java:964)
	at org.springframework.web.servlet.FrameworkServlet.processRequest(FrameworkServlet.java:1006)
	at org.springframework.web.servlet.FrameworkServlet.doPost(FrameworkServlet.java:909)
	at javax.servlet.http.HttpServlet.service(HttpServlet.java:696)
	at org.springframework.web.servlet.FrameworkServlet.service(FrameworkServlet.java:883)
	at javax.servlet.http.HttpServlet.service(HttpServlet.java:779)
	at org.apache.catalina.core.ApplicationFilterChain.internalDoFilter(ApplicationFilterChain.java:227)
	at org.apache.catalina.core.ApplicationFilterChain.doFilter(ApplicationFilterChain.java:162)
	at org.apache.tomcat.websocket.server.WsFilter.doFilter(WsFilter.java:53)
	at org.apache.catalina.core.ApplicationFilterChain.internalDoFilter(ApplicationFilterChain.java:189)
	at org.apache.catalina.core.ApplicationFilterChain.doFilter(ApplicationFilterChain.java:162)
	at com.heeexy.example.config.filter.RequestFilter.doFilterInternal(RequestFilter.java:41)
	at org.springframework.web.filter.OncePerRequestFilter.doFilter(OncePerRequestFilter.java:117)
	at org.apache.catalina.core.ApplicationFilterChain.internalDoFilter(ApplicationFilterChain.java:189)
	at org.apache.catalina.core.ApplicationFilterChain.doFilter(ApplicationFilterChain.java:162)
	at org.springframework.web.filter.RequestContextFilter.doFilterInternal(RequestContextFilter.java:100)
	at org.springframework.web.filter.OncePerRequestFilter.doFilter(OncePerRequestFilter.java:117)
	at org.apache.catalina.core.ApplicationFilterChain.internalDoFilter(ApplicationFilterChain.java:189)
	at org.apache.catalina.core.ApplicationFilterChain.doFilter(ApplicationFilterChain.java:162)
	at org.springframework.web.filter.FormContentFilter.doFilterInternal(FormContentFilter.java:93)
	at org.springframework.web.filter.OncePerRequestFilter.doFilter(OncePerRequestFilter.java:117)
	at org.apache.catalina.core.ApplicationFilterChain.internalDoFilter(ApplicationFilterChain.java:189)
	at org.apache.catalina.core.ApplicationFilterChain.doFilter(ApplicationFilterChain.java:162)
	at org.springframework.web.filter.CharacterEncodingFilter.doFilterInternal(CharacterEncodingFilter.java:201)
	at org.springframework.web.filter.OncePerRequestFilter.doFilter(OncePerRequestFilter.java:117)
	at org.apache.catalina.core.ApplicationFilterChain.internalDoFilter(ApplicationFilterChain.java:189)
	at org.apache.catalina.core.ApplicationFilterChain.doFilter(ApplicationFilterChain.java:162)
	at org.apache.catalina.core.StandardWrapperValve.invoke(StandardWrapperValve.java:177)
	at org.apache.catalina.core.StandardContextValve.invoke(StandardContextValve.java:97)
	at org.apache.catalina.authenticator.AuthenticatorBase.invoke(AuthenticatorBase.java:541)
	at org.apache.catalina.core.StandardHostValve.invoke(StandardHostValve.java:135)
	at org.apache.catalina.valves.ErrorReportValve.invoke(ErrorReportValve.java:92)
	at org.apache.catalina.core.StandardEngineValve.invoke(StandardEngineValve.java:78)
	at org.apache.catalina.connector.CoyoteAdapter.service(CoyoteAdapter.java:360)
	at org.apache.coyote.http11.Http11Processor.service(Http11Processor.java:399)
	at org.apache.coyote.AbstractProcessorLight.process(AbstractProcessorLight.java:65)
	at org.apache.coyote.AbstractProtocol$ConnectionHandler.process(AbstractProtocol.java:891)
	at org.apache.tomcat.util.net.NioEndpoint$SocketProcessor.doRun(NioEndpoint.java:1784)
	at org.apache.tomcat.util.net.SocketProcessorBase.run(SocketProcessorBase.java:49)
	at org.apache.tomcat.util.threads.ThreadPoolExecutor.runWorker(ThreadPoolExecutor.java:1191)
	at org.apache.tomcat.util.threads.ThreadPoolExecutor$Worker.run(ThreadPoolExecutor.java:659)
	at org.apache.tomcat.util.threads.TaskThread$WrappingRunnable.run(TaskThread.java:61)
	at java.lang.Thread.run(Thread.java:745)
2022-12-07 23:47:42.020 ERROR [b8b2fbd19ffa][] [http-nio-5050-exec-4] c.h.e.c.e.GlobalExceptionHandler:41 - 异常
org.mybatis.spring.MyBatisSystemException: nested exception is org.apache.ibatis.exceptions.PersistenceException: 
### Error querying database.  Cause: org.springframework.jdbc.CannotGetJdbcConnectionException: Failed to obtain JDBC Connection; nested exception is java.sql.SQLException: Access denied for user 'root'@'localhost' (using password: NO)
### The error may exist in file [/Users/info_kerwin/Documents/Intellij_workspace/xiangqin/back/target/classes/mapper/LoginMapper.xml]
### The error may involve com.heeexy.example.dao.LoginDao.checkUser
### The error occurred while executing a query
### Cause: org.springframework.jdbc.CannotGetJdbcConnectionException: Failed to obtain JDBC Connection; nested exception is java.sql.SQLException: Access denied for user 'root'@'localhost' (using password: NO)
	at org.mybatis.spring.MyBatisExceptionTranslator.translateExceptionIfPossible(MyBatisExceptionTranslator.java:96)
	at org.mybatis.spring.SqlSessionTemplate$SqlSessionInterceptor.invoke(SqlSessionTemplate.java:441)
	at com.sun.proxy.$Proxy71.selectOne(Unknown Source)
	at org.mybatis.spring.SqlSessionTemplate.selectOne(SqlSessionTemplate.java:160)
	at org.apache.ibatis.binding.MapperMethod.execute(MapperMethod.java:87)
	at org.apache.ibatis.binding.MapperProxy$PlainMethodInvoker.invoke(MapperProxy.java:152)
	at org.apache.ibatis.binding.MapperProxy.invoke(MapperProxy.java:85)
	at com.sun.proxy.$Proxy72.checkUser(Unknown Source)
	at com.heeexy.example.service.LoginService.authLogin(LoginService.java:34)
	at com.heeexy.example.controller.LoginController.authLogin(LoginController.java:30)
	at com.heeexy.example.controller.LoginController$$FastClassBySpringCGLIB$$d8f2121a.invoke(<generated>)
	at org.springframework.cglib.proxy.MethodProxy.invoke(MethodProxy.java:218)
	at org.springframework.aop.framework.CglibAopProxy$CglibMethodInvocation.invokeJoinpoint(CglibAopProxy.java:793)
	at org.springframework.aop.framework.ReflectiveMethodInvocation.proceed(ReflectiveMethodInvocation.java:163)
	at org.springframework.aop.framework.CglibAopProxy$CglibMethodInvocation.proceed(CglibAopProxy.java:763)
	at org.springframework.aop.framework.adapter.AfterReturningAdviceInterceptor.invoke(AfterReturningAdviceInterceptor.java:57)
	at org.springframework.aop.framework.ReflectiveMethodInvocation.proceed(ReflectiveMethodInvocation.java:186)
	at org.springframework.aop.framework.CglibAopProxy$CglibMethodInvocation.proceed(CglibAopProxy.java:763)
	at org.springframework.aop.framework.adapter.MethodBeforeAdviceInterceptor.invoke(MethodBeforeAdviceInterceptor.java:58)
	at org.springframework.aop.framework.ReflectiveMethodInvocation.proceed(ReflectiveMethodInvocation.java:186)
	at org.springframework.aop.framework.CglibAopProxy$CglibMethodInvocation.proceed(CglibAopProxy.java:763)
	at org.springframework.aop.interceptor.ExposeInvocationInterceptor.invoke(ExposeInvocationInterceptor.java:97)
	at org.springframework.aop.framework.ReflectiveMethodInvocation.proceed(ReflectiveMethodInvocation.java:186)
	at org.springframework.aop.framework.CglibAopProxy$CglibMethodInvocation.proceed(CglibAopProxy.java:763)
	at org.springframework.aop.framework.CglibAopProxy$DynamicAdvisedInterceptor.intercept(CglibAopProxy.java:708)
	at com.heeexy.example.controller.LoginController$$EnhancerBySpringCGLIB$$1a6adaef.authLogin(<generated>)
	at sun.reflect.NativeMethodAccessorImpl.invoke0(Native Method)
	at sun.reflect.NativeMethodAccessorImpl.invoke(NativeMethodAccessorImpl.java:62)
	at sun.reflect.DelegatingMethodAccessorImpl.invoke(DelegatingMethodAccessorImpl.java:43)
	at java.lang.reflect.Method.invoke(Method.java:498)
	at org.springframework.web.method.support.InvocableHandlerMethod.doInvoke(InvocableHandlerMethod.java:205)
	at org.springframework.web.method.support.InvocableHandlerMethod.invokeForRequest(InvocableHandlerMethod.java:150)
	at org.springframework.web.servlet.mvc.method.annotation.ServletInvocableHandlerMethod.invokeAndHandle(ServletInvocableHandlerMethod.java:117)
	at org.springframework.web.servlet.mvc.method.annotation.RequestMappingHandlerAdapter.invokeHandlerMethod(RequestMappingHandlerAdapter.java:895)
	at org.springframework.web.servlet.mvc.method.annotation.RequestMappingHandlerAdapter.handleInternal(RequestMappingHandlerAdapter.java:808)
	at org.springframework.web.servlet.mvc.method.AbstractHandlerMethodAdapter.handle(AbstractHandlerMethodAdapter.java:87)
	at org.springframework.web.servlet.DispatcherServlet.doDispatch(DispatcherServlet.java:1071)
	at org.springframework.web.servlet.DispatcherServlet.doService(DispatcherServlet.java:964)
	at org.springframework.web.servlet.FrameworkServlet.processRequest(FrameworkServlet.java:1006)
	at org.springframework.web.servlet.FrameworkServlet.doPost(FrameworkServlet.java:909)
	at javax.servlet.http.HttpServlet.service(HttpServlet.java:696)
	at org.springframework.web.servlet.FrameworkServlet.service(FrameworkServlet.java:883)
	at javax.servlet.http.HttpServlet.service(HttpServlet.java:779)
	at org.apache.catalina.core.ApplicationFilterChain.internalDoFilter(ApplicationFilterChain.java:227)
	at org.apache.catalina.core.ApplicationFilterChain.doFilter(ApplicationFilterChain.java:162)
	at org.apache.tomcat.websocket.server.WsFilter.doFilter(WsFilter.java:53)
	at org.apache.catalina.core.ApplicationFilterChain.internalDoFilter(ApplicationFilterChain.java:189)
	at org.apache.catalina.core.ApplicationFilterChain.doFilter(ApplicationFilterChain.java:162)
	at com.heeexy.example.config.filter.RequestFilter.doFilterInternal(RequestFilter.java:41)
	at org.springframework.web.filter.OncePerRequestFilter.doFilter(OncePerRequestFilter.java:117)
	at org.apache.catalina.core.ApplicationFilterChain.internalDoFilter(ApplicationFilterChain.java:189)
	at org.apache.catalina.core.ApplicationFilterChain.doFilter(ApplicationFilterChain.java:162)
	at org.springframework.web.filter.RequestContextFilter.doFilterInternal(RequestContextFilter.java:100)
	at org.springframework.web.filter.OncePerRequestFilter.doFilter(OncePerRequestFilter.java:117)
	at org.apache.catalina.core.ApplicationFilterChain.internalDoFilter(ApplicationFilterChain.java:189)
	at org.apache.catalina.core.ApplicationFilterChain.doFilter(ApplicationFilterChain.java:162)
	at org.springframework.web.filter.FormContentFilter.doFilterInternal(FormContentFilter.java:93)
	at org.springframework.web.filter.OncePerRequestFilter.doFilter(OncePerRequestFilter.java:117)
	at org.apache.catalina.core.ApplicationFilterChain.internalDoFilter(ApplicationFilterChain.java:189)
	at org.apache.catalina.core.ApplicationFilterChain.doFilter(ApplicationFilterChain.java:162)
	at org.springframework.web.filter.CharacterEncodingFilter.doFilterInternal(CharacterEncodingFilter.java:201)
	at org.springframework.web.filter.OncePerRequestFilter.doFilter(OncePerRequestFilter.java:117)
	at org.apache.catalina.core.ApplicationFilterChain.internalDoFilter(ApplicationFilterChain.java:189)
	at org.apache.catalina.core.ApplicationFilterChain.doFilter(ApplicationFilterChain.java:162)
	at org.apache.catalina.core.StandardWrapperValve.invoke(StandardWrapperValve.java:177)
	at org.apache.catalina.core.StandardContextValve.invoke(StandardContextValve.java:97)
	at org.apache.catalina.authenticator.AuthenticatorBase.invoke(AuthenticatorBase.java:541)
	at org.apache.catalina.core.StandardHostValve.invoke(StandardHostValve.java:135)
	at org.apache.catalina.valves.ErrorReportValve.invoke(ErrorReportValve.java:92)
	at org.apache.catalina.core.StandardEngineValve.invoke(StandardEngineValve.java:78)
	at org.apache.catalina.connector.CoyoteAdapter.service(CoyoteAdapter.java:360)
	at org.apache.coyote.http11.Http11Processor.service(Http11Processor.java:399)
	at org.apache.coyote.AbstractProcessorLight.process(AbstractProcessorLight.java:65)
	at org.apache.coyote.AbstractProtocol$ConnectionHandler.process(AbstractProtocol.java:891)
	at org.apache.tomcat.util.net.NioEndpoint$SocketProcessor.doRun(NioEndpoint.java:1784)
	at org.apache.tomcat.util.net.SocketProcessorBase.run(SocketProcessorBase.java:49)
	at org.apache.tomcat.util.threads.ThreadPoolExecutor.runWorker(ThreadPoolExecutor.java:1191)
	at org.apache.tomcat.util.threads.ThreadPoolExecutor$Worker.run(ThreadPoolExecutor.java:659)
	at org.apache.tomcat.util.threads.TaskThread$WrappingRunnable.run(TaskThread.java:61)
	at java.lang.Thread.run(Thread.java:745)
Caused by: org.apache.ibatis.exceptions.PersistenceException: 
### Error querying database.  Cause: org.springframework.jdbc.CannotGetJdbcConnectionException: Failed to obtain JDBC Connection; nested exception is java.sql.SQLException: Access denied for user 'root'@'localhost' (using password: NO)
### The error may exist in file [/Users/info_kerwin/Documents/Intellij_workspace/xiangqin/back/target/classes/mapper/LoginMapper.xml]
### The error may involve com.heeexy.example.dao.LoginDao.checkUser
### The error occurred while executing a query
### Cause: org.springframework.jdbc.CannotGetJdbcConnectionException: Failed to obtain JDBC Connection; nested exception is java.sql.SQLException: Access denied for user 'root'@'localhost' (using password: NO)
	at org.apache.ibatis.exceptions.ExceptionFactory.wrapException(ExceptionFactory.java:30)
	at org.apache.ibatis.session.defaults.DefaultSqlSession.selectList(DefaultSqlSession.java:149)
	at org.apache.ibatis.session.defaults.DefaultSqlSession.selectList(DefaultSqlSession.java:140)
	at org.apache.ibatis.session.defaults.DefaultSqlSession.selectOne(DefaultSqlSession.java:76)
	at sun.reflect.NativeMethodAccessorImpl.invoke0(Native Method)
	at sun.reflect.NativeMethodAccessorImpl.invoke(NativeMethodAccessorImpl.java:62)
	at sun.reflect.DelegatingMethodAccessorImpl.invoke(DelegatingMethodAccessorImpl.java:43)
	at java.lang.reflect.Method.invoke(Method.java:498)
	at org.mybatis.spring.SqlSessionTemplate$SqlSessionInterceptor.invoke(SqlSessionTemplate.java:427)
	... 78 common frames omitted
Caused by: org.springframework.jdbc.CannotGetJdbcConnectionException: Failed to obtain JDBC Connection; nested exception is java.sql.SQLException: Access denied for user 'root'@'localhost' (using password: NO)
	at org.springframework.jdbc.datasource.DataSourceUtils.getConnection(DataSourceUtils.java:83)
	at org.mybatis.spring.transaction.SpringManagedTransaction.openConnection(SpringManagedTransaction.java:80)
	at org.mybatis.spring.transaction.SpringManagedTransaction.getConnection(SpringManagedTransaction.java:67)
	at org.apache.ibatis.executor.BaseExecutor.getConnection(BaseExecutor.java:337)
	at org.apache.ibatis.executor.SimpleExecutor.prepareStatement(SimpleExecutor.java:86)
	at org.apache.ibatis.executor.SimpleExecutor.doQuery(SimpleExecutor.java:62)
	at org.apache.ibatis.executor.BaseExecutor.queryFromDatabase(BaseExecutor.java:325)
	at org.apache.ibatis.executor.BaseExecutor.query(BaseExecutor.java:156)
	at org.apache.ibatis.executor.CachingExecutor.query(CachingExecutor.java:109)
	at org.apache.ibatis.executor.CachingExecutor.query(CachingExecutor.java:89)
	at org.apache.ibatis.session.defaults.DefaultSqlSession.selectList(DefaultSqlSession.java:147)
	... 85 common frames omitted
Caused by: java.sql.SQLException: Access denied for user 'root'@'localhost' (using password: NO)
	at com.mysql.cj.jdbc.exceptions.SQLError.createSQLException(SQLError.java:129)
	at com.mysql.cj.jdbc.exceptions.SQLExceptionsMapping.translateException(SQLExceptionsMapping.java:122)
	at com.mysql.cj.jdbc.ConnectionImpl.createNewIO(ConnectionImpl.java:828)
	at com.mysql.cj.jdbc.ConnectionImpl.<init>(ConnectionImpl.java:448)
	at com.mysql.cj.jdbc.ConnectionImpl.getInstance(ConnectionImpl.java:241)
	at com.mysql.cj.jdbc.NonRegisteringDriver.connect(NonRegisteringDriver.java:198)
	at com.zaxxer.hikari.util.DriverDataSource.getConnection(DriverDataSource.java:138)
	at com.zaxxer.hikari.pool.PoolBase.newConnection(PoolBase.java:364)
	at com.zaxxer.hikari.pool.PoolBase.newPoolEntry(PoolBase.java:206)
	at com.zaxxer.hikari.pool.HikariPool.createPoolEntry(HikariPool.java:476)
	at com.zaxxer.hikari.pool.HikariPool.checkFailFast(HikariPool.java:561)
	at com.zaxxer.hikari.pool.HikariPool.<init>(HikariPool.java:115)
	at com.zaxxer.hikari.HikariDataSource.getConnection(HikariDataSource.java:112)
	at org.springframework.jdbc.datasource.DataSourceUtils.fetchConnection(DataSourceUtils.java:159)
	at org.springframework.jdbc.datasource.DataSourceUtils.doGetConnection(DataSourceUtils.java:117)
	at org.springframework.jdbc.datasource.DataSourceUtils.getConnection(DataSourceUtils.java:80)
	... 95 common frames omitted
2022-12-07 23:47:42.024 INFO  [b8b2fbd19ffa][] [http-nio-5050-exec-4] c.h.e.c.filter.WebLogAspect:69 - {"uri":"/login/auth","took":1445,"userId":"","req":{"method":"POST","requestBody":{"password":"123456","username":"admin"},"requestURL":"http://localhost:9520/login/auth","remoteAddr":"0:0:0:0:0:0:0:1"},"res":{"msg":"请求处理异常，请稍后再试","code":"400","info":{"errorLocation":"org.mybatis.spring.MyBatisSystemException: nested exception is org.apache.ibatis.exceptions.PersistenceException: \n### Error querying database.  Cause: org.springframework.jdbc.CannotGetJdbcConnectionException: Failed to obtain JDBC Connection; nested exception is java.sql.SQLException: Access denied for user 'root'@'localhost' (using password: NO)\n### The error may exist in file [/Users/info_kerwin/Documents/Intellij_workspace/xiangqin/back/target/classes/mapper/LoginMapper.xml]\n### The error may involve com.heeexy.example.dao.LoginDao.checkUser\n### The error occurred while executing a query\n### Cause: org.springframework.jdbc.CannotGetJdbcConnectionException: Failed to obtain JDBC Connection; nested exception is java.sql.SQLException: Access denied for user 'root'@'localhost' (using password: NO)    错误位置:MyBatisExceptionTranslator.java:96"}}}
2022-12-07 23:47:42.029 WARN  [b8b2fbd19ffa][] [http-nio-5050-exec-4] o.s.w.s.m.m.a.ExceptionHandlerExceptionResolver:208 - Resolved [org.mybatis.spring.MyBatisSystemException: nested exception is org.apache.ibatis.exceptions.PersistenceException: <EOL>### Error querying database.  Cause: org.springframework.jdbc.CannotGetJdbcConnectionException: Failed to obtain JDBC Connection; nested exception is java.sql.SQLException: Access denied for user 'root'@'localhost' (using password: NO)<EOL>### The error may exist in file [/Users/info_kerwin/Documents/Intellij_workspace/xiangqin/back/target/classes/mapper/LoginMapper.xml]<EOL>### The error may involve com.heeexy.example.dao.LoginDao.checkUser<EOL>### The error occurred while executing a query<EOL>### Cause: org.springframework.jdbc.CannotGetJdbcConnectionException: Failed to obtain JDBC Connection; nested exception is java.sql.SQLException: Access denied for user 'root'@'localhost' (using password: NO)]
2022-12-07 23:47:43.752 DEBUG [82de00066ff3][] [http-nio-5050-exec-5] c.h.e.c.filter.WebLogAspect:47 - 请求路径 /login/auth ,进入方法 com.heeexy.example.controller.LoginController:authLogin
2022-12-07 23:47:43.753 INFO  [82de00066ff3][] [http-nio-5050-exec-5] c.z.hikari.HikariDataSource:110 - HikariPool-1 - Starting...
2022-12-07 23:47:44.764 ERROR [82de00066ff3][] [http-nio-5050-exec-5] c.z.hikari.pool.HikariPool:594 - HikariPool-1 - Exception during pool initialization.
java.sql.SQLException: Access denied for user 'root'@'localhost' (using password: NO)
	at com.mysql.cj.jdbc.exceptions.SQLError.createSQLException(SQLError.java:129)
	at com.mysql.cj.jdbc.exceptions.SQLExceptionsMapping.translateException(SQLExceptionsMapping.java:122)
	at com.mysql.cj.jdbc.ConnectionImpl.createNewIO(ConnectionImpl.java:828)
	at com.mysql.cj.jdbc.ConnectionImpl.<init>(ConnectionImpl.java:448)
	at com.mysql.cj.jdbc.ConnectionImpl.getInstance(ConnectionImpl.java:241)
	at com.mysql.cj.jdbc.NonRegisteringDriver.connect(NonRegisteringDriver.java:198)
	at com.zaxxer.hikari.util.DriverDataSource.getConnection(DriverDataSource.java:138)
	at com.zaxxer.hikari.pool.PoolBase.newConnection(PoolBase.java:364)
	at com.zaxxer.hikari.pool.PoolBase.newPoolEntry(PoolBase.java:206)
	at com.zaxxer.hikari.pool.HikariPool.createPoolEntry(HikariPool.java:476)
	at com.zaxxer.hikari.pool.HikariPool.checkFailFast(HikariPool.java:561)
	at com.zaxxer.hikari.pool.HikariPool.<init>(HikariPool.java:115)
	at com.zaxxer.hikari.HikariDataSource.getConnection(HikariDataSource.java:112)
	at org.springframework.jdbc.datasource.DataSourceUtils.fetchConnection(DataSourceUtils.java:159)
	at org.springframework.jdbc.datasource.DataSourceUtils.doGetConnection(DataSourceUtils.java:117)
	at org.springframework.jdbc.datasource.DataSourceUtils.getConnection(DataSourceUtils.java:80)
	at org.mybatis.spring.transaction.SpringManagedTransaction.openConnection(SpringManagedTransaction.java:80)
	at org.mybatis.spring.transaction.SpringManagedTransaction.getConnection(SpringManagedTransaction.java:67)
	at org.apache.ibatis.executor.BaseExecutor.getConnection(BaseExecutor.java:337)
	at org.apache.ibatis.executor.SimpleExecutor.prepareStatement(SimpleExecutor.java:86)
	at org.apache.ibatis.executor.SimpleExecutor.doQuery(SimpleExecutor.java:62)
	at org.apache.ibatis.executor.BaseExecutor.queryFromDatabase(BaseExecutor.java:325)
	at org.apache.ibatis.executor.BaseExecutor.query(BaseExecutor.java:156)
	at org.apache.ibatis.executor.CachingExecutor.query(CachingExecutor.java:109)
	at org.apache.ibatis.executor.CachingExecutor.query(CachingExecutor.java:89)
	at org.apache.ibatis.session.defaults.DefaultSqlSession.selectList(DefaultSqlSession.java:147)
	at org.apache.ibatis.session.defaults.DefaultSqlSession.selectList(DefaultSqlSession.java:140)
	at org.apache.ibatis.session.defaults.DefaultSqlSession.selectOne(DefaultSqlSession.java:76)
	at sun.reflect.NativeMethodAccessorImpl.invoke0(Native Method)
	at sun.reflect.NativeMethodAccessorImpl.invoke(NativeMethodAccessorImpl.java:62)
	at sun.reflect.DelegatingMethodAccessorImpl.invoke(DelegatingMethodAccessorImpl.java:43)
	at java.lang.reflect.Method.invoke(Method.java:498)
	at org.mybatis.spring.SqlSessionTemplate$SqlSessionInterceptor.invoke(SqlSessionTemplate.java:427)
	at com.sun.proxy.$Proxy71.selectOne(Unknown Source)
	at org.mybatis.spring.SqlSessionTemplate.selectOne(SqlSessionTemplate.java:160)
	at org.apache.ibatis.binding.MapperMethod.execute(MapperMethod.java:87)
	at org.apache.ibatis.binding.MapperProxy$PlainMethodInvoker.invoke(MapperProxy.java:152)
	at org.apache.ibatis.binding.MapperProxy.invoke(MapperProxy.java:85)
	at com.sun.proxy.$Proxy72.checkUser(Unknown Source)
	at com.heeexy.example.service.LoginService.authLogin(LoginService.java:34)
	at com.heeexy.example.controller.LoginController.authLogin(LoginController.java:30)
	at com.heeexy.example.controller.LoginController$$FastClassBySpringCGLIB$$d8f2121a.invoke(<generated>)
	at org.springframework.cglib.proxy.MethodProxy.invoke(MethodProxy.java:218)
	at org.springframework.aop.framework.CglibAopProxy$CglibMethodInvocation.invokeJoinpoint(CglibAopProxy.java:793)
	at org.springframework.aop.framework.ReflectiveMethodInvocation.proceed(ReflectiveMethodInvocation.java:163)
	at org.springframework.aop.framework.CglibAopProxy$CglibMethodInvocation.proceed(CglibAopProxy.java:763)
	at org.springframework.aop.framework.adapter.AfterReturningAdviceInterceptor.invoke(AfterReturningAdviceInterceptor.java:57)
	at org.springframework.aop.framework.ReflectiveMethodInvocation.proceed(ReflectiveMethodInvocation.java:186)
	at org.springframework.aop.framework.CglibAopProxy$CglibMethodInvocation.proceed(CglibAopProxy.java:763)
	at org.springframework.aop.framework.adapter.MethodBeforeAdviceInterceptor.invoke(MethodBeforeAdviceInterceptor.java:58)
	at org.springframework.aop.framework.ReflectiveMethodInvocation.proceed(ReflectiveMethodInvocation.java:186)
	at org.springframework.aop.framework.CglibAopProxy$CglibMethodInvocation.proceed(CglibAopProxy.java:763)
	at org.springframework.aop.interceptor.ExposeInvocationInterceptor.invoke(ExposeInvocationInterceptor.java:97)
	at org.springframework.aop.framework.ReflectiveMethodInvocation.proceed(ReflectiveMethodInvocation.java:186)
	at org.springframework.aop.framework.CglibAopProxy$CglibMethodInvocation.proceed(CglibAopProxy.java:763)
	at org.springframework.aop.framework.CglibAopProxy$DynamicAdvisedInterceptor.intercept(CglibAopProxy.java:708)
	at com.heeexy.example.controller.LoginController$$EnhancerBySpringCGLIB$$1a6adaef.authLogin(<generated>)
	at sun.reflect.NativeMethodAccessorImpl.invoke0(Native Method)
	at sun.reflect.NativeMethodAccessorImpl.invoke(NativeMethodAccessorImpl.java:62)
	at sun.reflect.DelegatingMethodAccessorImpl.invoke(DelegatingMethodAccessorImpl.java:43)
	at java.lang.reflect.Method.invoke(Method.java:498)
	at org.springframework.web.method.support.InvocableHandlerMethod.doInvoke(InvocableHandlerMethod.java:205)
	at org.springframework.web.method.support.InvocableHandlerMethod.invokeForRequest(InvocableHandlerMethod.java:150)
	at org.springframework.web.servlet.mvc.method.annotation.ServletInvocableHandlerMethod.invokeAndHandle(ServletInvocableHandlerMethod.java:117)
	at org.springframework.web.servlet.mvc.method.annotation.RequestMappingHandlerAdapter.invokeHandlerMethod(RequestMappingHandlerAdapter.java:895)
	at org.springframework.web.servlet.mvc.method.annotation.RequestMappingHandlerAdapter.handleInternal(RequestMappingHandlerAdapter.java:808)
	at org.springframework.web.servlet.mvc.method.AbstractHandlerMethodAdapter.handle(AbstractHandlerMethodAdapter.java:87)
	at org.springframework.web.servlet.DispatcherServlet.doDispatch(DispatcherServlet.java:1071)
	at org.springframework.web.servlet.DispatcherServlet.doService(DispatcherServlet.java:964)
	at org.springframework.web.servlet.FrameworkServlet.processRequest(FrameworkServlet.java:1006)
	at org.springframework.web.servlet.FrameworkServlet.doPost(FrameworkServlet.java:909)
	at javax.servlet.http.HttpServlet.service(HttpServlet.java:696)
	at org.springframework.web.servlet.FrameworkServlet.service(FrameworkServlet.java:883)
	at javax.servlet.http.HttpServlet.service(HttpServlet.java:779)
	at org.apache.catalina.core.ApplicationFilterChain.internalDoFilter(ApplicationFilterChain.java:227)
	at org.apache.catalina.core.ApplicationFilterChain.doFilter(ApplicationFilterChain.java:162)
	at org.apache.tomcat.websocket.server.WsFilter.doFilter(WsFilter.java:53)
	at org.apache.catalina.core.ApplicationFilterChain.internalDoFilter(ApplicationFilterChain.java:189)
	at org.apache.catalina.core.ApplicationFilterChain.doFilter(ApplicationFilterChain.java:162)
	at com.heeexy.example.config.filter.RequestFilter.doFilterInternal(RequestFilter.java:41)
	at org.springframework.web.filter.OncePerRequestFilter.doFilter(OncePerRequestFilter.java:117)
	at org.apache.catalina.core.ApplicationFilterChain.internalDoFilter(ApplicationFilterChain.java:189)
	at org.apache.catalina.core.ApplicationFilterChain.doFilter(ApplicationFilterChain.java:162)
	at org.springframework.web.filter.RequestContextFilter.doFilterInternal(RequestContextFilter.java:100)
	at org.springframework.web.filter.OncePerRequestFilter.doFilter(OncePerRequestFilter.java:117)
	at org.apache.catalina.core.ApplicationFilterChain.internalDoFilter(ApplicationFilterChain.java:189)
	at org.apache.catalina.core.ApplicationFilterChain.doFilter(ApplicationFilterChain.java:162)
	at org.springframework.web.filter.FormContentFilter.doFilterInternal(FormContentFilter.java:93)
	at org.springframework.web.filter.OncePerRequestFilter.doFilter(OncePerRequestFilter.java:117)
	at org.apache.catalina.core.ApplicationFilterChain.internalDoFilter(ApplicationFilterChain.java:189)
	at org.apache.catalina.core.ApplicationFilterChain.doFilter(ApplicationFilterChain.java:162)
	at org.springframework.web.filter.CharacterEncodingFilter.doFilterInternal(CharacterEncodingFilter.java:201)
	at org.springframework.web.filter.OncePerRequestFilter.doFilter(OncePerRequestFilter.java:117)
	at org.apache.catalina.core.ApplicationFilterChain.internalDoFilter(ApplicationFilterChain.java:189)
	at org.apache.catalina.core.ApplicationFilterChain.doFilter(ApplicationFilterChain.java:162)
	at org.apache.catalina.core.StandardWrapperValve.invoke(StandardWrapperValve.java:177)
	at org.apache.catalina.core.StandardContextValve.invoke(StandardContextValve.java:97)
	at org.apache.catalina.authenticator.AuthenticatorBase.invoke(AuthenticatorBase.java:541)
	at org.apache.catalina.core.StandardHostValve.invoke(StandardHostValve.java:135)
	at org.apache.catalina.valves.ErrorReportValve.invoke(ErrorReportValve.java:92)
	at org.apache.catalina.core.StandardEngineValve.invoke(StandardEngineValve.java:78)
	at org.apache.catalina.connector.CoyoteAdapter.service(CoyoteAdapter.java:360)
	at org.apache.coyote.http11.Http11Processor.service(Http11Processor.java:399)
	at org.apache.coyote.AbstractProcessorLight.process(AbstractProcessorLight.java:65)
	at org.apache.coyote.AbstractProtocol$ConnectionHandler.process(AbstractProtocol.java:891)
	at org.apache.tomcat.util.net.NioEndpoint$SocketProcessor.doRun(NioEndpoint.java:1784)
	at org.apache.tomcat.util.net.SocketProcessorBase.run(SocketProcessorBase.java:49)
	at org.apache.tomcat.util.threads.ThreadPoolExecutor.runWorker(ThreadPoolExecutor.java:1191)
	at org.apache.tomcat.util.threads.ThreadPoolExecutor$Worker.run(ThreadPoolExecutor.java:659)
	at org.apache.tomcat.util.threads.TaskThread$WrappingRunnable.run(TaskThread.java:61)
	at java.lang.Thread.run(Thread.java:745)
2022-12-07 23:47:44.770 ERROR [82de00066ff3][] [http-nio-5050-exec-5] c.h.e.c.e.GlobalExceptionHandler:41 - 异常
org.mybatis.spring.MyBatisSystemException: nested exception is org.apache.ibatis.exceptions.PersistenceException: 
### Error querying database.  Cause: org.springframework.jdbc.CannotGetJdbcConnectionException: Failed to obtain JDBC Connection; nested exception is java.sql.SQLException: Access denied for user 'root'@'localhost' (using password: NO)
### The error may exist in file [/Users/info_kerwin/Documents/Intellij_workspace/xiangqin/back/target/classes/mapper/LoginMapper.xml]
### The error may involve com.heeexy.example.dao.LoginDao.checkUser
### The error occurred while executing a query
### Cause: org.springframework.jdbc.CannotGetJdbcConnectionException: Failed to obtain JDBC Connection; nested exception is java.sql.SQLException: Access denied for user 'root'@'localhost' (using password: NO)
	at org.mybatis.spring.MyBatisExceptionTranslator.translateExceptionIfPossible(MyBatisExceptionTranslator.java:96)
	at org.mybatis.spring.SqlSessionTemplate$SqlSessionInterceptor.invoke(SqlSessionTemplate.java:441)
	at com.sun.proxy.$Proxy71.selectOne(Unknown Source)
	at org.mybatis.spring.SqlSessionTemplate.selectOne(SqlSessionTemplate.java:160)
	at org.apache.ibatis.binding.MapperMethod.execute(MapperMethod.java:87)
	at org.apache.ibatis.binding.MapperProxy$PlainMethodInvoker.invoke(MapperProxy.java:152)
	at org.apache.ibatis.binding.MapperProxy.invoke(MapperProxy.java:85)
	at com.sun.proxy.$Proxy72.checkUser(Unknown Source)
	at com.heeexy.example.service.LoginService.authLogin(LoginService.java:34)
	at com.heeexy.example.controller.LoginController.authLogin(LoginController.java:30)
	at com.heeexy.example.controller.LoginController$$FastClassBySpringCGLIB$$d8f2121a.invoke(<generated>)
	at org.springframework.cglib.proxy.MethodProxy.invoke(MethodProxy.java:218)
	at org.springframework.aop.framework.CglibAopProxy$CglibMethodInvocation.invokeJoinpoint(CglibAopProxy.java:793)
	at org.springframework.aop.framework.ReflectiveMethodInvocation.proceed(ReflectiveMethodInvocation.java:163)
	at org.springframework.aop.framework.CglibAopProxy$CglibMethodInvocation.proceed(CglibAopProxy.java:763)
	at org.springframework.aop.framework.adapter.AfterReturningAdviceInterceptor.invoke(AfterReturningAdviceInterceptor.java:57)
	at org.springframework.aop.framework.ReflectiveMethodInvocation.proceed(ReflectiveMethodInvocation.java:186)
	at org.springframework.aop.framework.CglibAopProxy$CglibMethodInvocation.proceed(CglibAopProxy.java:763)
	at org.springframework.aop.framework.adapter.MethodBeforeAdviceInterceptor.invoke(MethodBeforeAdviceInterceptor.java:58)
	at org.springframework.aop.framework.ReflectiveMethodInvocation.proceed(ReflectiveMethodInvocation.java:186)
	at org.springframework.aop.framework.CglibAopProxy$CglibMethodInvocation.proceed(CglibAopProxy.java:763)
	at org.springframework.aop.interceptor.ExposeInvocationInterceptor.invoke(ExposeInvocationInterceptor.java:97)
	at org.springframework.aop.framework.ReflectiveMethodInvocation.proceed(ReflectiveMethodInvocation.java:186)
	at org.springframework.aop.framework.CglibAopProxy$CglibMethodInvocation.proceed(CglibAopProxy.java:763)
	at org.springframework.aop.framework.CglibAopProxy$DynamicAdvisedInterceptor.intercept(CglibAopProxy.java:708)
	at com.heeexy.example.controller.LoginController$$EnhancerBySpringCGLIB$$1a6adaef.authLogin(<generated>)
	at sun.reflect.NativeMethodAccessorImpl.invoke0(Native Method)
	at sun.reflect.NativeMethodAccessorImpl.invoke(NativeMethodAccessorImpl.java:62)
	at sun.reflect.DelegatingMethodAccessorImpl.invoke(DelegatingMethodAccessorImpl.java:43)
	at java.lang.reflect.Method.invoke(Method.java:498)
	at org.springframework.web.method.support.InvocableHandlerMethod.doInvoke(InvocableHandlerMethod.java:205)
	at org.springframework.web.method.support.InvocableHandlerMethod.invokeForRequest(InvocableHandlerMethod.java:150)
	at org.springframework.web.servlet.mvc.method.annotation.ServletInvocableHandlerMethod.invokeAndHandle(ServletInvocableHandlerMethod.java:117)
	at org.springframework.web.servlet.mvc.method.annotation.RequestMappingHandlerAdapter.invokeHandlerMethod(RequestMappingHandlerAdapter.java:895)
	at org.springframework.web.servlet.mvc.method.annotation.RequestMappingHandlerAdapter.handleInternal(RequestMappingHandlerAdapter.java:808)
	at org.springframework.web.servlet.mvc.method.AbstractHandlerMethodAdapter.handle(AbstractHandlerMethodAdapter.java:87)
	at org.springframework.web.servlet.DispatcherServlet.doDispatch(DispatcherServlet.java:1071)
	at org.springframework.web.servlet.DispatcherServlet.doService(DispatcherServlet.java:964)
	at org.springframework.web.servlet.FrameworkServlet.processRequest(FrameworkServlet.java:1006)
	at org.springframework.web.servlet.FrameworkServlet.doPost(FrameworkServlet.java:909)
	at javax.servlet.http.HttpServlet.service(HttpServlet.java:696)
	at org.springframework.web.servlet.FrameworkServlet.service(FrameworkServlet.java:883)
	at javax.servlet.http.HttpServlet.service(HttpServlet.java:779)
	at org.apache.catalina.core.ApplicationFilterChain.internalDoFilter(ApplicationFilterChain.java:227)
	at org.apache.catalina.core.ApplicationFilterChain.doFilter(ApplicationFilterChain.java:162)
	at org.apache.tomcat.websocket.server.WsFilter.doFilter(WsFilter.java:53)
	at org.apache.catalina.core.ApplicationFilterChain.internalDoFilter(ApplicationFilterChain.java:189)
	at org.apache.catalina.core.ApplicationFilterChain.doFilter(ApplicationFilterChain.java:162)
	at com.heeexy.example.config.filter.RequestFilter.doFilterInternal(RequestFilter.java:41)
	at org.springframework.web.filter.OncePerRequestFilter.doFilter(OncePerRequestFilter.java:117)
	at org.apache.catalina.core.ApplicationFilterChain.internalDoFilter(ApplicationFilterChain.java:189)
	at org.apache.catalina.core.ApplicationFilterChain.doFilter(ApplicationFilterChain.java:162)
	at org.springframework.web.filter.RequestContextFilter.doFilterInternal(RequestContextFilter.java:100)
	at org.springframework.web.filter.OncePerRequestFilter.doFilter(OncePerRequestFilter.java:117)
	at org.apache.catalina.core.ApplicationFilterChain.internalDoFilter(ApplicationFilterChain.java:189)
	at org.apache.catalina.core.ApplicationFilterChain.doFilter(ApplicationFilterChain.java:162)
	at org.springframework.web.filter.FormContentFilter.doFilterInternal(FormContentFilter.java:93)
	at org.springframework.web.filter.OncePerRequestFilter.doFilter(OncePerRequestFilter.java:117)
	at org.apache.catalina.core.ApplicationFilterChain.internalDoFilter(ApplicationFilterChain.java:189)
	at org.apache.catalina.core.ApplicationFilterChain.doFilter(ApplicationFilterChain.java:162)
	at org.springframework.web.filter.CharacterEncodingFilter.doFilterInternal(CharacterEncodingFilter.java:201)
	at org.springframework.web.filter.OncePerRequestFilter.doFilter(OncePerRequestFilter.java:117)
	at org.apache.catalina.core.ApplicationFilterChain.internalDoFilter(ApplicationFilterChain.java:189)
	at org.apache.catalina.core.ApplicationFilterChain.doFilter(ApplicationFilterChain.java:162)
	at org.apache.catalina.core.StandardWrapperValve.invoke(StandardWrapperValve.java:177)
	at org.apache.catalina.core.StandardContextValve.invoke(StandardContextValve.java:97)
	at org.apache.catalina.authenticator.AuthenticatorBase.invoke(AuthenticatorBase.java:541)
	at org.apache.catalina.core.StandardHostValve.invoke(StandardHostValve.java:135)
	at org.apache.catalina.valves.ErrorReportValve.invoke(ErrorReportValve.java:92)
	at org.apache.catalina.core.StandardEngineValve.invoke(StandardEngineValve.java:78)
	at org.apache.catalina.connector.CoyoteAdapter.service(CoyoteAdapter.java:360)
	at org.apache.coyote.http11.Http11Processor.service(Http11Processor.java:399)
	at org.apache.coyote.AbstractProcessorLight.process(AbstractProcessorLight.java:65)
	at org.apache.coyote.AbstractProtocol$ConnectionHandler.process(AbstractProtocol.java:891)
	at org.apache.tomcat.util.net.NioEndpoint$SocketProcessor.doRun(NioEndpoint.java:1784)
	at org.apache.tomcat.util.net.SocketProcessorBase.run(SocketProcessorBase.java:49)
	at org.apache.tomcat.util.threads.ThreadPoolExecutor.runWorker(ThreadPoolExecutor.java:1191)
	at org.apache.tomcat.util.threads.ThreadPoolExecutor$Worker.run(ThreadPoolExecutor.java:659)
	at org.apache.tomcat.util.threads.TaskThread$WrappingRunnable.run(TaskThread.java:61)
	at java.lang.Thread.run(Thread.java:745)
Caused by: org.apache.ibatis.exceptions.PersistenceException: 
### Error querying database.  Cause: org.springframework.jdbc.CannotGetJdbcConnectionException: Failed to obtain JDBC Connection; nested exception is java.sql.SQLException: Access denied for user 'root'@'localhost' (using password: NO)
### The error may exist in file [/Users/info_kerwin/Documents/Intellij_workspace/xiangqin/back/target/classes/mapper/LoginMapper.xml]
### The error may involve com.heeexy.example.dao.LoginDao.checkUser
### The error occurred while executing a query
### Cause: org.springframework.jdbc.CannotGetJdbcConnectionException: Failed to obtain JDBC Connection; nested exception is java.sql.SQLException: Access denied for user 'root'@'localhost' (using password: NO)
	at org.apache.ibatis.exceptions.ExceptionFactory.wrapException(ExceptionFactory.java:30)
	at org.apache.ibatis.session.defaults.DefaultSqlSession.selectList(DefaultSqlSession.java:149)
	at org.apache.ibatis.session.defaults.DefaultSqlSession.selectList(DefaultSqlSession.java:140)
	at org.apache.ibatis.session.defaults.DefaultSqlSession.selectOne(DefaultSqlSession.java:76)
	at sun.reflect.NativeMethodAccessorImpl.invoke0(Native Method)
	at sun.reflect.NativeMethodAccessorImpl.invoke(NativeMethodAccessorImpl.java:62)
	at sun.reflect.DelegatingMethodAccessorImpl.invoke(DelegatingMethodAccessorImpl.java:43)
	at java.lang.reflect.Method.invoke(Method.java:498)
	at org.mybatis.spring.SqlSessionTemplate$SqlSessionInterceptor.invoke(SqlSessionTemplate.java:427)
	... 78 common frames omitted
Caused by: org.springframework.jdbc.CannotGetJdbcConnectionException: Failed to obtain JDBC Connection; nested exception is java.sql.SQLException: Access denied for user 'root'@'localhost' (using password: NO)
	at org.springframework.jdbc.datasource.DataSourceUtils.getConnection(DataSourceUtils.java:83)
	at org.mybatis.spring.transaction.SpringManagedTransaction.openConnection(SpringManagedTransaction.java:80)
	at org.mybatis.spring.transaction.SpringManagedTransaction.getConnection(SpringManagedTransaction.java:67)
	at org.apache.ibatis.executor.BaseExecutor.getConnection(BaseExecutor.java:337)
	at org.apache.ibatis.executor.SimpleExecutor.prepareStatement(SimpleExecutor.java:86)
	at org.apache.ibatis.executor.SimpleExecutor.doQuery(SimpleExecutor.java:62)
	at org.apache.ibatis.executor.BaseExecutor.queryFromDatabase(BaseExecutor.java:325)
	at org.apache.ibatis.executor.BaseExecutor.query(BaseExecutor.java:156)
	at org.apache.ibatis.executor.CachingExecutor.query(CachingExecutor.java:109)
	at org.apache.ibatis.executor.CachingExecutor.query(CachingExecutor.java:89)
	at org.apache.ibatis.session.defaults.DefaultSqlSession.selectList(DefaultSqlSession.java:147)
	... 85 common frames omitted
Caused by: java.sql.SQLException: Access denied for user 'root'@'localhost' (using password: NO)
	at com.mysql.cj.jdbc.exceptions.SQLError.createSQLException(SQLError.java:129)
	at com.mysql.cj.jdbc.exceptions.SQLExceptionsMapping.translateException(SQLExceptionsMapping.java:122)
	at com.mysql.cj.jdbc.ConnectionImpl.createNewIO(ConnectionImpl.java:828)
	at com.mysql.cj.jdbc.ConnectionImpl.<init>(ConnectionImpl.java:448)
	at com.mysql.cj.jdbc.ConnectionImpl.getInstance(ConnectionImpl.java:241)
	at com.mysql.cj.jdbc.NonRegisteringDriver.connect(NonRegisteringDriver.java:198)
	at com.zaxxer.hikari.util.DriverDataSource.getConnection(DriverDataSource.java:138)
	at com.zaxxer.hikari.pool.PoolBase.newConnection(PoolBase.java:364)
	at com.zaxxer.hikari.pool.PoolBase.newPoolEntry(PoolBase.java:206)
	at com.zaxxer.hikari.pool.HikariPool.createPoolEntry(HikariPool.java:476)
	at com.zaxxer.hikari.pool.HikariPool.checkFailFast(HikariPool.java:561)
	at com.zaxxer.hikari.pool.HikariPool.<init>(HikariPool.java:115)
	at com.zaxxer.hikari.HikariDataSource.getConnection(HikariDataSource.java:112)
	at org.springframework.jdbc.datasource.DataSourceUtils.fetchConnection(DataSourceUtils.java:159)
	at org.springframework.jdbc.datasource.DataSourceUtils.doGetConnection(DataSourceUtils.java:117)
	at org.springframework.jdbc.datasource.DataSourceUtils.getConnection(DataSourceUtils.java:80)
	... 95 common frames omitted
2022-12-07 23:47:44.776 INFO  [82de00066ff3][] [http-nio-5050-exec-5] c.h.e.c.filter.WebLogAspect:69 - {"uri":"/login/auth","took":1022,"userId":"","req":{"method":"POST","requestBody":{"password":"123456","username":"admin"},"requestURL":"http://localhost:9520/login/auth","remoteAddr":"0:0:0:0:0:0:0:1"},"res":{"msg":"请求处理异常，请稍后再试","code":"400","info":{"errorLocation":"org.mybatis.spring.MyBatisSystemException: nested exception is org.apache.ibatis.exceptions.PersistenceException: \n### Error querying database.  Cause: org.springframework.jdbc.CannotGetJdbcConnectionException: Failed to obtain JDBC Connection; nested exception is java.sql.SQLException: Access denied for user 'root'@'localhost' (using password: NO)\n### The error may exist in file [/Users/info_kerwin/Documents/Intellij_workspace/xiangqin/back/target/classes/mapper/LoginMapper.xml]\n### The error may involve com.heeexy.example.dao.LoginDao.checkUser\n### The error occurred while executing a query\n### Cause: org.springframework.jdbc.CannotGetJdbcConnectionException: Failed to obtain JDBC Connection; nested exception is java.sql.SQLException: Access denied for user 'root'@'localhost' (using password: NO)    错误位置:MyBatisExceptionTranslator.java:96"}}}
2022-12-07 23:47:44.785 WARN  [82de00066ff3][] [http-nio-5050-exec-5] o.s.w.s.m.m.a.ExceptionHandlerExceptionResolver:208 - Resolved [org.mybatis.spring.MyBatisSystemException: nested exception is org.apache.ibatis.exceptions.PersistenceException: <EOL>### Error querying database.  Cause: org.springframework.jdbc.CannotGetJdbcConnectionException: Failed to obtain JDBC Connection; nested exception is java.sql.SQLException: Access denied for user 'root'@'localhost' (using password: NO)<EOL>### The error may exist in file [/Users/info_kerwin/Documents/Intellij_workspace/xiangqin/back/target/classes/mapper/LoginMapper.xml]<EOL>### The error may involve com.heeexy.example.dao.LoginDao.checkUser<EOL>### The error occurred while executing a query<EOL>### Cause: org.springframework.jdbc.CannotGetJdbcConnectionException: Failed to obtain JDBC Connection; nested exception is java.sql.SQLException: Access denied for user 'root'@'localhost' (using password: NO)]
2022-12-07 23:48:55.976 INFO  [][] [restartedMain] c.heeexy.example.MyApplication:55 - Starting MyApplication using Java 1.8.0_111 on 192.168.9.103 with PID 22129 (/Users/info_kerwin/Documents/Intellij_workspace/xiangqin/back/target/classes started by info_kerwin in /Users/info_kerwin/Documents/Intellij_workspace/xiangqin)
2022-12-07 23:48:55.980 DEBUG [][] [restartedMain] c.heeexy.example.MyApplication:56 - Running with Spring Boot v2.7.6, Spring v5.3.24
2022-12-07 23:48:55.982 INFO  [][] [restartedMain] c.heeexy.example.MyApplication:637 - The following 1 profile is active: "local"
2022-12-07 23:48:56.110 WARN  [][] [restartedMain] o.s.b.c.c.ConfigDataEnvironment:258 - Property 'spring.profiles' imported from location 'class path resource [application-local.yml]' is invalid and should be replaced with 'spring.config.activate.on-profile' [origin: class path resource [application-local.yml] - 2:13]
2022-12-07 23:48:59.264 DEBUG [][] [restartedMain] c.h.e.c.filter.RequestFilter:242 - Filter 'requestFilter' configured for use
2022-12-07 23:49:00.237 INFO  [][] [restartedMain] c.heeexy.example.MyApplication:61 - Started MyApplication in 5.33 seconds (JVM running for 6.662)
2022-12-07 23:49:09.761 DEBUG [feb23d67e1c6][] [http-nio-5050-exec-1] c.h.e.c.filter.WebLogAspect:47 - 请求路径 /login/auth ,进入方法 com.heeexy.example.controller.LoginController:authLogin
2022-12-07 23:49:09.902 INFO  [feb23d67e1c6][] [http-nio-5050-exec-1] c.z.hikari.HikariDataSource:110 - HikariPool-1 - Starting...
2022-12-07 23:49:10.228 INFO  [feb23d67e1c6][] [http-nio-5050-exec-1] c.z.hikari.HikariDataSource:123 - HikariPool-1 - Start completed.
2022-12-07 23:49:10.244 DEBUG [feb23d67e1c6][] [http-nio-5050-exec-1] c.h.e.dao.LoginDao.checkUser:137 - ==>  Preparing: SELECT u.id userId FROM sys_user u WHERE u.username = ? AND u.password = ? AND u.delete_status = '1'
2022-12-07 23:49:10.287 DEBUG [feb23d67e1c6][] [http-nio-5050-exec-1] c.h.e.dao.LoginDao.checkUser:137 - ==> Parameters: admin(String), 123456(String)
2022-12-07 23:49:10.387 DEBUG [feb23d67e1c6][] [http-nio-5050-exec-1] c.h.e.dao.LoginDao.checkUser:137 - <==      Total: 1
2022-12-07 23:49:10.397 DEBUG [feb23d67e1c6][admin] [http-nio-5050-exec-1] c.h.e.dao.LoginDao.getUserInfo:137 - ==>  Preparing: SELECT u.id userId, u.username, u.nickname, ur.role_id roleId, p.menu_code menuCode, p.permission_code permissionCode FROM sys_user u LEFT JOIN sys_user_role ur on u.id = ur.user_id LEFT JOIN sys_role r ON r.id = ur.role_id LEFT JOIN sys_role_permission rp ON r.id = rp.role_id LEFT JOIN sys_permission p ON rp.permission_id = p.id AND rp.delete_status = '1' WHERE u.username = ? AND u.delete_status = '1'
2022-12-07 23:49:10.399 DEBUG [feb23d67e1c6][admin] [http-nio-5050-exec-1] c.h.e.dao.LoginDao.getUserInfo:137 - ==> Parameters: admin(String)
2022-12-07 23:49:10.413 DEBUG [feb23d67e1c6][admin] [http-nio-5050-exec-1] c.h.e.dao.LoginDao.getUserInfo:137 - <==      Total: 1
2022-12-07 23:49:10.416 DEBUG [feb23d67e1c6][admin] [http-nio-5050-exec-1] c.h.e.dao.LoginDao.getAllMenu:137 - ==>  Preparing: select distinct(menu_code) from sys_permission;
2022-12-07 23:49:10.422 DEBUG [feb23d67e1c6][admin] [http-nio-5050-exec-1] c.h.e.dao.LoginDao.getAllMenu:137 - ==> Parameters: 
2022-12-07 23:49:10.431 DEBUG [feb23d67e1c6][admin] [http-nio-5050-exec-1] c.h.e.dao.LoginDao.getAllMenu:137 - <==      Total: 3
2022-12-07 23:49:10.436 DEBUG [feb23d67e1c6][admin] [http-nio-5050-exec-1] c.h.e.d.L.getAllPermissionCode:137 - ==>  Preparing: select distinct(permission_code) from sys_permission;
2022-12-07 23:49:10.437 DEBUG [feb23d67e1c6][admin] [http-nio-5050-exec-1] c.h.e.d.L.getAllPermissionCode:137 - ==> Parameters: 
2022-12-07 23:49:10.443 DEBUG [feb23d67e1c6][admin] [http-nio-5050-exec-1] c.h.e.d.L.getAllPermissionCode:137 - <==      Total: 10
2022-12-07 23:49:10.449 INFO  [feb23d67e1c6][admin] [http-nio-5050-exec-1] c.h.e.service.TokenService:61 - 设置用户信息缓存:token=4088d95579d54655a338 , username=admin, info=SessionUserInfo(userId=10003, username=admin, nickname=超级用户, roleIds=[1], menuList=[role, user, article], permissionList=[article:list, user:list, user:add, role:update, article:add, role:list, article:update, user:update, role:delete, role:add])
2022-12-07 23:49:10.461 INFO  [feb23d67e1c6][admin] [http-nio-5050-exec-1] c.h.e.c.filter.WebLogAspect:69 - {"uri":"/login/auth","took":599,"userId":"","req":{"method":"POST","requestBody":{"password":"123456","username":"admin"},"requestURL":"http://localhost:9520/login/auth","remoteAddr":"0:0:0:0:0:0:0:1"},"res":{"msg":"","code":"200","info":{"token":"4088d95579d54655a338"}}}
2022-12-07 23:49:10.631 DEBUG [dd2a22ca5b13][] [http-nio-5050-exec-2] c.h.e.service.TokenService:50 - 根据token从缓存中查询用户信息,4088d95579d54655a338
2022-12-07 23:49:10.638 DEBUG [dd2a22ca5b13][admin] [http-nio-5050-exec-2] c.h.e.c.filter.WebLogAspect:47 - 请求路径 /login/getInfo ,进入方法 com.heeexy.example.controller.LoginController:getInfo
2022-12-07 23:49:10.641 DEBUG [dd2a22ca5b13][admin] [http-nio-5050-exec-2] c.h.e.service.TokenService:50 - 根据token从缓存中查询用户信息,4088d95579d54655a338
2022-12-07 23:49:10.642 INFO  [dd2a22ca5b13][admin] [http-nio-5050-exec-2] c.h.e.service.LoginService:49 - SessionUserInfo(userId=10003, username=admin, nickname=超级用户, roleIds=[1], menuList=[role, user, article], permissionList=[article:list, user:list, user:add, role:update, article:add, role:list, article:update, user:update, role:delete, role:add])
2022-12-07 23:49:10.684 INFO  [dd2a22ca5b13][admin] [http-nio-5050-exec-2] c.h.e.c.filter.WebLogAspect:69 - {"uri":"/login/getInfo","took":1,"userId":"","req":{"method":"POST","requestURL":"http://localhost:9520/login/getInfo","remoteAddr":"0:0:0:0:0:0:0:1"},"res":{"msg":"","code":"200","info":{"menuList":["role","user","article"],"roleIds":[1],"nickname":"超级用户","permissionList":["article:list","user:list","user:add","role:update","article:add","role:list","article:update","user:update","role:delete","role:add"],"userId":10003,"username":"admin"}}}
2022-12-07 23:49:16.601 DEBUG [8850ea0dd304][] [http-nio-5050-exec-3] c.h.e.service.TokenService:50 - 根据token从缓存中查询用户信息,4088d95579d54655a338
2022-12-07 23:49:16.611 DEBUG [8850ea0dd304][admin] [http-nio-5050-exec-3] c.h.e.c.filter.WebLogAspect:47 - 请求路径 /article/listArticle ,进入方法 com.heeexy.example.controller.ArticleController:listArticle
2022-12-07 23:49:16.621 DEBUG [8850ea0dd304][admin] [http-nio-5050-exec-3] c.h.e.c.f.PermissionAspect:35 - 开始校验[操作权限]
2022-12-07 23:49:16.623 DEBUG [8850ea0dd304][admin] [http-nio-5050-exec-3] c.h.e.service.TokenService:50 - 根据token从缓存中查询用户信息,4088d95579d54655a338
2022-12-07 23:49:16.626 DEBUG [8850ea0dd304][admin] [http-nio-5050-exec-3] c.h.e.c.f.PermissionAspect:42 - 校验权限code: [article:list]
2022-12-07 23:49:16.629 DEBUG [8850ea0dd304][admin] [http-nio-5050-exec-3] c.h.e.c.f.PermissionAspect:43 - 用户已有权限: [article:list, user:list, user:add, role:update, article:add, role:list, article:update, user:update, role:delete, role:add]
2022-12-07 23:49:16.652 DEBUG [8850ea0dd304][admin] [http-nio-5050-exec-3] c.h.e.d.A.countArticle:137 - ==>  Preparing: SELECT count(0) FROM article w WHERE w.delete_status = '1'
2022-12-07 23:49:16.656 DEBUG [8850ea0dd304][admin] [http-nio-5050-exec-3] c.h.e.d.A.countArticle:137 - ==> Parameters: 
2022-12-07 23:49:16.663 DEBUG [8850ea0dd304][admin] [http-nio-5050-exec-3] c.h.e.d.A.countArticle:137 - <==      Total: 1
2022-12-07 23:49:16.665 DEBUG [8850ea0dd304][admin] [http-nio-5050-exec-3] c.h.e.d.ArticleDao.listArticle:137 - ==>  Preparing: SELECT w.id, w.content, date_format(w.create_time, '%Y.%m.%d %T') createTime, date_format(w.update_time, '%Y.%m.%d %T') updateTime FROM article w WHERE w.delete_status = '1' ORDER BY w.id DESC LIMIT ?, ?
2022-12-07 23:49:16.666 DEBUG [8850ea0dd304][admin] [http-nio-5050-exec-3] c.h.e.d.ArticleDao.listArticle:137 - ==> Parameters: 0(Integer), 50(Integer)
2022-12-07 23:49:16.678 DEBUG [8850ea0dd304][admin] [http-nio-5050-exec-3] c.h.e.d.ArticleDao.listArticle:137 - <==      Total: 5
2022-12-07 23:49:16.680 INFO  [8850ea0dd304][admin] [http-nio-5050-exec-3] c.h.e.c.filter.WebLogAspect:69 - {"uri":"/article/listArticle","took":67,"userId":"","req":{"method":"GET","requestURL":"http://localhost:9520/article/listArticle","queryString":"pageNum=1&pageRow=50&name=","remoteAddr":"0:0:0:0:0:0:0:1"},"res":{"msg":"","code":"200","info":{"totalPage":1,"list":[{"createTime":"2017.11.18 13:37:07","updateTime":"2021.05.08 16:10:55","id":19,"content":"文章test2🤣"},{"createTime":"2017.10.26 15:23:42","updateTime":"2017.10.26 15:23:42","id":11,"content":"李白"},{"createTime":"2017.10.26 14:57:45","updateTime":"2017.11.08 13:28:52","id":10,"content":"亚历山大"},{"createTime":"2017.10.26 10:49:28","updateTime":"2017.11.18 09:54:15","id":6,"content":"亚里士多德"},{"createTime":"2017.10.25 09:08:45","updateTime":"2017.10.30 17:59:41","id":5,"content":"莎士比亚"}],"totalCount":5}}}
2022-12-07 23:49:33.662 INFO  [][] [SpringApplicationShutdownHook] c.z.hikari.HikariDataSource:350 - HikariPool-1 - Shutdown initiated...
2022-12-07 23:49:33.672 INFO  [][] [SpringApplicationShutdownHook] c.z.hikari.HikariDataSource:352 - HikariPool-1 - Shutdown completed.
