2023-04-07 10:12:39.041 INFO  [][] [restartedMain] c.heeexy.example.MyApplication:55 - Starting MyApplication using Java 1.8.0_111 on wyf-MacBook-Pro.local with PID 19829 (/Users/info_kerwin/Documents/Intellij_workspace/x5050/back/target/classes started by info_kerwin in /Users/info_kerwin/Documents/Intellij_workspace/x5050)
2023-04-07 10:12:39.043 DEBUG [][] [restartedMain] c.heeexy.example.MyApplication:56 - Running with Spring Boot v2.7.6, Spring v5.3.24
2023-04-07 10:12:39.045 INFO  [][] [restartedMain] c.heeexy.example.MyApplication:637 - The following 1 profile is active: "local"
2023-04-07 10:12:39.217 WARN  [][] [restartedMain] o.s.b.c.c.ConfigDataEnvironment:258 - Property 'spring.profiles' imported from location 'class path resource [application-local.yml]' is invalid and should be replaced with 'spring.config.activate.on-profile' [origin: class path resource [application-local.yml] - 2:13]
2023-04-07 10:12:44.614 DEBUG [][] [restartedMain] c.h.e.c.filter.RequestFilter:242 - Filter 'requestFilter' configured for use
2023-04-07 10:12:46.254 INFO  [][] [restartedMain] c.heeexy.example.MyApplication:61 - Started MyApplication in 8.88 seconds (JVM running for 10.899)
2023-04-07 10:25:43.843 DEBUG [3600c82c6ccf][] [http-nio-5050-exec-8] c.h.e.service.TokenService:50 - 根据token从缓存中查询用户信息,ed61ffe8975f4d608ab8
2023-04-07 10:25:43.847 INFO  [3600c82c6ccf][] [http-nio-5050-exec-8] c.h.e.service.TokenService:53 - 没拿到缓存 token=ed61ffe8975f4d608ab8
2023-04-07 10:25:43.848 INFO  [3600c82c6ccf][] [http-nio-5050-exec-8] c.h.e.c.filter.RequestFilter:73 - 无效的token:ed61ffe8975f4d608ab8
2023-04-07 10:25:43.864 DEBUG [3600c82c6ccf][] [http-nio-5050-exec-8] c.h.e.c.filter.WebLogAspect:47 - 请求路径 /login/getInfo ,进入方法 com.heeexy.example.controller.LoginController:getInfo
2023-04-07 10:25:43.957 DEBUG [3600c82c6ccf][] [http-nio-5050-exec-8] c.h.e.service.TokenService:50 - 根据token从缓存中查询用户信息,ed61ffe8975f4d608ab8
2023-04-07 10:25:43.959 INFO  [3600c82c6ccf][] [http-nio-5050-exec-8] c.h.e.service.TokenService:53 - 没拿到缓存 token=ed61ffe8975f4d608ab8
2023-04-07 10:25:44.015 INFO  [3600c82c6ccf][] [http-nio-5050-exec-8] c.h.e.c.filter.WebLogAspect:69 - {"uri":"/login/getInfo","took":27,"userId":"","req":{"method":"POST","requestURL":"http://localhost:9520/login/getInfo","remoteAddr":"0:0:0:0:0:0:0:1"},"res":{"msg":"登陆已过期,请重新登陆","code":"20011","info":{}}}
2023-04-07 10:25:44.021 WARN  [3600c82c6ccf][] [http-nio-5050-exec-8] o.s.w.s.m.m.a.ExceptionHandlerExceptionResolver:208 - Resolved [com.heeexy.example.config.exception.CommonJsonException]
2023-04-07 10:25:46.553 DEBUG [492c842ee129][] [http-nio-5050-exec-9] c.h.e.c.filter.WebLogAspect:47 - 请求路径 /login/auth ,进入方法 com.heeexy.example.controller.LoginController:authLogin
2023-04-07 10:25:46.596 INFO  [492c842ee129][] [http-nio-5050-exec-9] c.z.hikari.HikariDataSource:110 - HikariPool-1 - Starting...
2023-04-07 10:25:47.063 INFO  [492c842ee129][] [http-nio-5050-exec-9] c.z.hikari.HikariDataSource:123 - HikariPool-1 - Start completed.
2023-04-07 10:25:47.080 DEBUG [492c842ee129][] [http-nio-5050-exec-9] c.h.e.dao.LoginDao.checkUser:137 - ==>  Preparing: SELECT u.id userId FROM sys_user u WHERE u.username = ? AND u.password = ? AND u.delete_status = '1'
2023-04-07 10:25:47.126 DEBUG [492c842ee129][] [http-nio-5050-exec-9] c.h.e.dao.LoginDao.checkUser:137 - ==> Parameters: admin(String), 123456(String)
2023-04-07 10:25:47.289 DEBUG [492c842ee129][] [http-nio-5050-exec-9] c.h.e.dao.LoginDao.checkUser:137 - <==      Total: 1
2023-04-07 10:25:47.299 DEBUG [492c842ee129][admin] [http-nio-5050-exec-9] c.h.e.dao.LoginDao.getUserInfo:137 - ==>  Preparing: SELECT u.id userId, u.username, u.nickname, ur.role_id roleId, p.menu_code menuCode, p.permission_code permissionCode FROM sys_user u LEFT JOIN sys_user_role ur on u.id = ur.user_id LEFT JOIN sys_role r ON r.id = ur.role_id LEFT JOIN sys_role_permission rp ON r.id = rp.role_id LEFT JOIN sys_permission p ON rp.permission_id = p.id AND rp.delete_status = '1' WHERE u.username = ? AND u.delete_status = '1'
2023-04-07 10:25:47.302 DEBUG [492c842ee129][admin] [http-nio-5050-exec-9] c.h.e.dao.LoginDao.getUserInfo:137 - ==> Parameters: admin(String)
2023-04-07 10:25:47.318 DEBUG [492c842ee129][admin] [http-nio-5050-exec-9] c.h.e.dao.LoginDao.getUserInfo:137 - <==      Total: 1
2023-04-07 10:25:47.320 DEBUG [492c842ee129][admin] [http-nio-5050-exec-9] c.h.e.dao.LoginDao.getAllMenu:137 - ==>  Preparing: select distinct(menu_code) from sys_permission;
2023-04-07 10:25:47.320 DEBUG [492c842ee129][admin] [http-nio-5050-exec-9] c.h.e.dao.LoginDao.getAllMenu:137 - ==> Parameters: 
2023-04-07 10:25:47.327 DEBUG [492c842ee129][admin] [http-nio-5050-exec-9] c.h.e.dao.LoginDao.getAllMenu:137 - <==      Total: 3
2023-04-07 10:25:47.329 DEBUG [492c842ee129][admin] [http-nio-5050-exec-9] c.h.e.d.L.getAllPermissionCode:137 - ==>  Preparing: select distinct(permission_code) from sys_permission;
2023-04-07 10:25:47.329 DEBUG [492c842ee129][admin] [http-nio-5050-exec-9] c.h.e.d.L.getAllPermissionCode:137 - ==> Parameters: 
2023-04-07 10:25:47.333 DEBUG [492c842ee129][admin] [http-nio-5050-exec-9] c.h.e.d.L.getAllPermissionCode:137 - <==      Total: 10
2023-04-07 10:25:47.335 INFO  [492c842ee129][admin] [http-nio-5050-exec-9] c.h.e.service.TokenService:61 - 设置用户信息缓存:token=71c46ab76bec4aa7a1e7 , username=admin, info=SessionUserInfo(userId=10003, username=admin, nickname=超级用户, roleIds=[1], menuList=[role, user, article], permissionList=[article:list, user:list, user:add, role:update, article:add, role:list, article:update, user:update, role:delete, role:add])
2023-04-07 10:25:47.339 INFO  [492c842ee129][admin] [http-nio-5050-exec-9] c.h.e.c.filter.WebLogAspect:69 - {"uri":"/login/auth","took":784,"userId":"","req":{"method":"POST","requestBody":{"password":"123456","username":"admin"},"requestURL":"http://localhost:9520/login/auth","remoteAddr":"0:0:0:0:0:0:0:1"},"res":{"msg":"","code":"200","info":{"token":"71c46ab76bec4aa7a1e7"}}}
2023-04-07 10:25:47.362 DEBUG [bc3c79ce3af0][] [http-nio-5050-exec-10] c.h.e.service.TokenService:50 - 根据token从缓存中查询用户信息,71c46ab76bec4aa7a1e7
2023-04-07 10:25:47.367 DEBUG [bc3c79ce3af0][admin] [http-nio-5050-exec-10] c.h.e.c.filter.WebLogAspect:47 - 请求路径 /login/getInfo ,进入方法 com.heeexy.example.controller.LoginController:getInfo
2023-04-07 10:25:47.368 DEBUG [bc3c79ce3af0][admin] [http-nio-5050-exec-10] c.h.e.service.TokenService:50 - 根据token从缓存中查询用户信息,71c46ab76bec4aa7a1e7
2023-04-07 10:25:47.370 INFO  [bc3c79ce3af0][admin] [http-nio-5050-exec-10] c.h.e.service.LoginService:49 - SessionUserInfo(userId=10003, username=admin, nickname=超级用户, roleIds=[1], menuList=[role, user, article], permissionList=[article:list, user:list, user:add, role:update, article:add, role:list, article:update, user:update, role:delete, role:add])
2023-04-07 10:25:47.407 INFO  [bc3c79ce3af0][admin] [http-nio-5050-exec-10] c.h.e.c.filter.WebLogAspect:69 - {"uri":"/login/getInfo","took":2,"userId":"","req":{"method":"POST","requestURL":"http://localhost:9520/login/getInfo","remoteAddr":"0:0:0:0:0:0:0:1"},"res":{"msg":"","code":"200","info":{"menuList":["role","user","article"],"roleIds":[1],"nickname":"超级用户","permissionList":["article:list","user:list","user:add","role:update","article:add","role:list","article:update","user:update","role:delete","role:add"],"userId":10003,"username":"admin"}}}
2023-04-07 10:25:50.387 DEBUG [eb84951e9ccb][] [http-nio-5050-exec-1] c.h.e.service.TokenService:50 - 根据token从缓存中查询用户信息,71c46ab76bec4aa7a1e7
2023-04-07 10:25:50.390 DEBUG [34916a17f7a4][] [http-nio-5050-exec-2] c.h.e.service.TokenService:50 - 根据token从缓存中查询用户信息,71c46ab76bec4aa7a1e7
2023-04-07 10:25:50.392 DEBUG [34916a17f7a4][admin] [http-nio-5050-exec-2] c.h.e.c.filter.WebLogAspect:47 - 请求路径 /user/getAllRoles ,进入方法 com.heeexy.example.controller.UserController:getAllRoles
2023-04-07 10:25:50.394 DEBUG [eb84951e9ccb][admin] [http-nio-5050-exec-1] c.h.e.c.filter.WebLogAspect:47 - 请求路径 /user/list ,进入方法 com.heeexy.example.controller.UserController:listUser
2023-04-07 10:25:50.405 DEBUG [eb84951e9ccb][admin] [http-nio-5050-exec-1] c.h.e.c.f.PermissionAspect:35 - 开始校验[操作权限]
2023-04-07 10:25:50.406 DEBUG [34916a17f7a4][admin] [http-nio-5050-exec-2] c.h.e.c.f.PermissionAspect:35 - 开始校验[操作权限]
2023-04-07 10:25:50.406 DEBUG [eb84951e9ccb][admin] [http-nio-5050-exec-1] c.h.e.service.TokenService:50 - 根据token从缓存中查询用户信息,71c46ab76bec4aa7a1e7
2023-04-07 10:25:50.406 DEBUG [34916a17f7a4][admin] [http-nio-5050-exec-2] c.h.e.service.TokenService:50 - 根据token从缓存中查询用户信息,71c46ab76bec4aa7a1e7
2023-04-07 10:25:50.407 DEBUG [34916a17f7a4][admin] [http-nio-5050-exec-2] c.h.e.c.f.PermissionAspect:42 - 校验权限code: [user:add, user:update]
2023-04-07 10:25:50.408 DEBUG [eb84951e9ccb][admin] [http-nio-5050-exec-1] c.h.e.c.f.PermissionAspect:42 - 校验权限code: [user:list]
2023-04-07 10:25:50.408 DEBUG [34916a17f7a4][admin] [http-nio-5050-exec-2] c.h.e.c.f.PermissionAspect:43 - 用户已有权限: [article:list, user:list, user:add, role:update, article:add, role:list, article:update, user:update, role:delete, role:add]
2023-04-07 10:25:50.408 DEBUG [eb84951e9ccb][admin] [http-nio-5050-exec-1] c.h.e.c.f.PermissionAspect:43 - 用户已有权限: [article:list, user:list, user:add, role:update, article:add, role:list, article:update, user:update, role:delete, role:add]
2023-04-07 10:25:50.433 DEBUG [eb84951e9ccb][admin] [http-nio-5050-exec-1] c.h.e.dao.UserDao.countUser:137 - ==>  Preparing: SELECT count(0) FROM sys_user u WHERE u.delete_status = '1'
2023-04-07 10:25:50.433 DEBUG [34916a17f7a4][admin] [http-nio-5050-exec-2] c.h.e.dao.UserDao.getAllRoles:137 - ==>  Preparing: SELECT id roleId, role_name roleName FROM sys_role WHERE delete_status = '1'
2023-04-07 10:25:50.435 DEBUG [eb84951e9ccb][admin] [http-nio-5050-exec-1] c.h.e.dao.UserDao.countUser:137 - ==> Parameters: 
2023-04-07 10:25:50.435 DEBUG [34916a17f7a4][admin] [http-nio-5050-exec-2] c.h.e.dao.UserDao.getAllRoles:137 - ==> Parameters: 
2023-04-07 10:25:50.440 DEBUG [eb84951e9ccb][admin] [http-nio-5050-exec-1] c.h.e.dao.UserDao.countUser:137 - <==      Total: 1
2023-04-07 10:25:50.440 DEBUG [34916a17f7a4][admin] [http-nio-5050-exec-2] c.h.e.dao.UserDao.getAllRoles:137 - <==      Total: 4
2023-04-07 10:25:50.442 DEBUG [eb84951e9ccb][admin] [http-nio-5050-exec-1] c.h.e.dao.UserDao.listUser:137 - ==>  Preparing: SELECT u.*, r.id roleId, r.role_name roleName FROM ( SELECT id userId, username username, nickname nickname, delete_status deleteStatus, DATE_FORMAT(create_time, '%Y.%m.%d %T') createTime, DATE_FORMAT(update_time, '%Y.%m.%d %T') updateTime FROM sys_user WHERE delete_status = '1' ORDER BY id LIMIT ?, ? ) u LEFT JOIN sys_user_role ur on ur.user_id = u.userId LEFT JOIN sys_role r ON r.id = ur.role_id ORDER BY u.userId, r.id
2023-04-07 10:25:50.444 DEBUG [eb84951e9ccb][admin] [http-nio-5050-exec-1] c.h.e.dao.UserDao.listUser:137 - ==> Parameters: 0(Integer), 50(Integer)
2023-04-07 10:25:50.444 INFO  [34916a17f7a4][admin] [http-nio-5050-exec-2] c.h.e.c.filter.WebLogAspect:69 - {"uri":"/user/getAllRoles","took":49,"userId":"","req":{"method":"GET","requestURL":"http://localhost:9520/user/getAllRoles","remoteAddr":"0:0:0:0:0:0:0:1"},"res":{"msg":"","code":"200","info":{"list":[{"roleId":1,"roleName":"管理员"},{"roleId":2,"roleName":"作家🌝"},{"roleId":3,"roleName":"程序员"},{"roleId":4,"roleName":"只有文章"}]}}}
2023-04-07 10:25:50.459 DEBUG [eb84951e9ccb][admin] [http-nio-5050-exec-1] c.h.e.dao.UserDao.listUser:137 - <==      Total: 6
2023-04-07 10:25:50.464 INFO  [eb84951e9ccb][admin] [http-nio-5050-exec-1] c.h.e.c.filter.WebLogAspect:69 - {"uri":"/user/list","took":66,"userId":"","req":{"method":"GET","requestURL":"http://localhost:9520/user/list","queryString":"pageNum=1&pageRow=50","remoteAddr":"0:0:0:0:0:0:0:1"},"res":{"msg":"","code":"200","info":{"totalPage":1,"list":[{"createTime":"2017.10.30 11:52:38","deleteStatus":"1","roles":[{"roleId":1,"roleName":"管理员"}],"nickname":"超级用户","updateTime":"2021.05.08 23:26:56","userId":10003,"username":"admin"},{"createTime":"2017.10.30 16:13:02","deleteStatus":"1","roles":[{"roleId":2,"roleName":"作家🌝"},{"roleId":3,"roleName":"程序员"}],"nickname":"莎士比亚😘","updateTime":"2021.05.08 16:11:13","userId":10004,"username":"user"},{"createTime":"2017.11.15 14:02:56","deleteStatus":"1","roles":[{"roleId":1,"roleName":"管理员"},{"roleId":2,"roleName":"作家🌝"}],"nickname":"🌹","updateTime":"2021.05.08 23:26:23","userId":10005,"username":"aaa"},{"createTime":"2021.05.08 23:21:54","deleteStatus":"1","roles":[{"roleId":4,"roleName":"只有文章"}],"nickname":"😯","updateTime":"2021.05.08 23:26:32","userId":10008,"username":"sa"}],"totalCount":4}}}
2023-04-07 10:25:52.473 DEBUG [c4866779053e][] [http-nio-5050-exec-3] c.h.e.service.TokenService:50 - 根据token从缓存中查询用户信息,71c46ab76bec4aa7a1e7
2023-04-07 10:25:52.475 DEBUG [c4866779053e][admin] [http-nio-5050-exec-3] c.h.e.c.filter.WebLogAspect:47 - 请求路径 /user/listRole ,进入方法 com.heeexy.example.controller.UserController:listRole
2023-04-07 10:25:52.476 DEBUG [c4866779053e][admin] [http-nio-5050-exec-3] c.h.e.c.f.PermissionAspect:35 - 开始校验[操作权限]
2023-04-07 10:25:52.479 DEBUG [c4866779053e][admin] [http-nio-5050-exec-3] c.h.e.service.TokenService:50 - 根据token从缓存中查询用户信息,71c46ab76bec4aa7a1e7
2023-04-07 10:25:52.480 DEBUG [c4866779053e][admin] [http-nio-5050-exec-3] c.h.e.c.f.PermissionAspect:42 - 校验权限code: [role:list]
2023-04-07 10:25:52.480 DEBUG [c4866779053e][admin] [http-nio-5050-exec-3] c.h.e.c.f.PermissionAspect:43 - 用户已有权限: [article:list, user:list, user:add, role:update, article:add, role:list, article:update, user:update, role:delete, role:add]
2023-04-07 10:25:52.483 DEBUG [c4866779053e][admin] [http-nio-5050-exec-3] c.h.e.dao.UserDao.listRole:137 - ==>  Preparing: SELECT r.id roleId, r.role_name roleName, u.id userId, u.nickname, p.id permissionId, p.menu_code menuCode, p.menu_name menuName, p.permission_name permissionName FROM sys_role r LEFT JOIN sys_user_role ur on ur.role_id = r.id LEFT JOIN sys_user u ON u.id = ur.user_id AND u.delete_status = '1' LEFT JOIN sys_role_permission rp ON r.id = rp.role_id AND rp.delete_status = '1' LEFT JOIN sys_permission p ON rp.permission_id = p.id WHERE r.delete_status = '1' ORDER BY r.id, p.id
2023-04-07 10:25:52.484 DEBUG [c4866779053e][admin] [http-nio-5050-exec-3] c.h.e.dao.UserDao.listRole:137 - ==> Parameters: 
2023-04-07 10:25:52.488 DEBUG [69ff935c18ab][] [http-nio-5050-exec-4] c.h.e.service.TokenService:50 - 根据token从缓存中查询用户信息,71c46ab76bec4aa7a1e7
2023-04-07 10:25:52.489 DEBUG [69ff935c18ab][admin] [http-nio-5050-exec-4] c.h.e.c.filter.WebLogAspect:47 - 请求路径 /user/listAllPermission ,进入方法 com.heeexy.example.controller.UserController:listAllPermission
2023-04-07 10:25:52.490 DEBUG [69ff935c18ab][admin] [http-nio-5050-exec-4] c.h.e.c.f.PermissionAspect:35 - 开始校验[操作权限]
2023-04-07 10:25:52.491 DEBUG [69ff935c18ab][admin] [http-nio-5050-exec-4] c.h.e.service.TokenService:50 - 根据token从缓存中查询用户信息,71c46ab76bec4aa7a1e7
2023-04-07 10:25:52.491 DEBUG [69ff935c18ab][admin] [http-nio-5050-exec-4] c.h.e.c.f.PermissionAspect:42 - 校验权限code: [role:list]
2023-04-07 10:25:52.492 DEBUG [69ff935c18ab][admin] [http-nio-5050-exec-4] c.h.e.c.f.PermissionAspect:43 - 用户已有权限: [article:list, user:list, user:add, role:update, article:add, role:list, article:update, user:update, role:delete, role:add]
2023-04-07 10:25:52.494 DEBUG [69ff935c18ab][admin] [http-nio-5050-exec-4] c.h.e.d.U.listAllPermission:137 - ==>  Preparing: SELECT p.id, p.menu_name menuName, p.permission_name permissionName, p.required_permission requiredPerm FROM sys_permission p;
2023-04-07 10:25:52.495 DEBUG [69ff935c18ab][admin] [http-nio-5050-exec-4] c.h.e.d.U.listAllPermission:137 - ==> Parameters: 
2023-04-07 10:25:52.502 DEBUG [69ff935c18ab][admin] [http-nio-5050-exec-4] c.h.e.d.U.listAllPermission:137 - <==      Total: 10
2023-04-07 10:25:52.506 INFO  [69ff935c18ab][admin] [http-nio-5050-exec-4] c.h.e.c.filter.WebLogAspect:69 - {"uri":"/user/listAllPermission","took":15,"userId":"","req":{"method":"GET","requestURL":"http://localhost:9520/user/listAllPermission","remoteAddr":"0:0:0:0:0:0:0:1"},"res":{"msg":"","code":"200","info":{"list":[{"permissions":[{"requiredPerm":1,"id":101,"permissionName":"列表"},{"requiredPerm":2,"id":102,"permissionName":"新增"},{"requiredPerm":2,"id":103,"permissionName":"修改"}],"menuName":"文章管理"},{"permissions":[{"requiredPerm":1,"id":601,"permissionName":"列表"},{"requiredPerm":2,"id":602,"permissionName":"新增"},{"requiredPerm":2,"id":603,"permissionName":"修改"}],"menuName":"用户"},{"permissions":[{"requiredPerm":1,"id":701,"permissionName":"列表"},{"requiredPerm":2,"id":702,"permissionName":"新增"},{"requiredPerm":2,"id":703,"permissionName":"修改"},{"requiredPerm":2,"id":704,"permissionName":"删除"}],"menuName":"角色权限"}]}}}
2023-04-07 10:25:52.516 DEBUG [c4866779053e][admin] [http-nio-5050-exec-3] c.h.e.dao.UserDao.listRole:137 - <==      Total: 31
2023-04-07 10:25:52.522 INFO  [c4866779053e][admin] [http-nio-5050-exec-3] c.h.e.c.filter.WebLogAspect:69 - {"uri":"/user/listRole","took":41,"userId":"","req":{"method":"GET","requestURL":"http://localhost:9520/user/listRole","remoteAddr":"0:0:0:0:0:0:0:1"},"res":{"msg":"","code":"200","info":{"list":[{"roleId":1,"roleName":"管理员","menus":[],"users":[{"nickname":"🌹","userId":10005},{"nickname":"超级用户","userId":10003}]},{"roleId":2,"roleName":"作家🌝","menus":[{"permissions":[{"permissionId":101,"permissionName":"列表"},{"permissionId":102,"permissionName":"新增"},{"permissionId":103,"permissionName":"修改"}],"menuCode":"article","menuName":"文章管理"},{"permissions":[{"permissionId":601,"permissionName":"列表"},{"permissionId":602,"permissionName":"新增"}],"menuCode":"user","menuName":"用户"},{"permissions":[{"permissionId":701,"permissionName":"列表"},{"permissionId":702,"permissionName":"新增"},{"permissionId":703,"permissionName":"修改"},{"permissionId":704,"permissionName":"删除"}],"menuCode":"role","menuName":"角色权限"}],"users":[{"nickname":"莎士比亚😘","userId":10004},{"nickname":"🌹","userId":10005}]},{"roleId":3,"roleName":"程序员","menus":[{"permissions":[{"permissionId":101,"permissionName":"列表"},{"permissionId":102,"permissionName":"新增"}],"menuCode":"article","menuName":"文章管理"},{"permissions":[{"permissionId":601,"permissionName":"列表"},{"permissionId":603,"permissionName":"修改"}],"menuCode":"user","menuName":"用户"},{"permissions":[{"permissionId":701,"permissionName":"列表"},{"permissionId":702,"permissionName":"新增"},{"permissionId":704,"permissionName":"删除"}],"menuCode":"role","menuName":"角色权限"}],"users":[{"nickname":"莎士比亚😘","userId":10004}]},{"roleId":4,"roleName":"只有文章","menus":[{"permissions":[{"permissionId":101,"permissionName":"列表"},{"permissionId":102,"permissionName":"新增"},{"permissionId":103,"permissionName":"修改"}],"menuCode":"article","menuName":"文章管理"}],"users":[{"nickname":"😯","userId":10008}]}]}}}
2023-04-07 10:25:54.581 DEBUG [e9f9f287e6a2][] [http-nio-5050-exec-5] c.h.e.service.TokenService:50 - 根据token从缓存中查询用户信息,71c46ab76bec4aa7a1e7
2023-04-07 10:25:54.584 DEBUG [e9f9f287e6a2][admin] [http-nio-5050-exec-5] c.h.e.c.filter.WebLogAspect:47 - 请求路径 /article/listArticle ,进入方法 com.heeexy.example.controller.ArticleController:listArticle
2023-04-07 10:25:54.585 DEBUG [e9f9f287e6a2][admin] [http-nio-5050-exec-5] c.h.e.c.f.PermissionAspect:35 - 开始校验[操作权限]
2023-04-07 10:25:54.585 DEBUG [e9f9f287e6a2][admin] [http-nio-5050-exec-5] c.h.e.service.TokenService:50 - 根据token从缓存中查询用户信息,71c46ab76bec4aa7a1e7
2023-04-07 10:25:54.586 DEBUG [e9f9f287e6a2][admin] [http-nio-5050-exec-5] c.h.e.c.f.PermissionAspect:42 - 校验权限code: [article:list]
2023-04-07 10:25:54.586 DEBUG [e9f9f287e6a2][admin] [http-nio-5050-exec-5] c.h.e.c.f.PermissionAspect:43 - 用户已有权限: [article:list, user:list, user:add, role:update, article:add, role:list, article:update, user:update, role:delete, role:add]
2023-04-07 10:25:54.611 DEBUG [e9f9f287e6a2][admin] [http-nio-5050-exec-5] c.h.e.d.A.countArticle:137 - ==>  Preparing: SELECT count(0) FROM article w WHERE w.delete_status = '1'
2023-04-07 10:25:54.612 DEBUG [e9f9f287e6a2][admin] [http-nio-5050-exec-5] c.h.e.d.A.countArticle:137 - ==> Parameters: 
2023-04-07 10:25:54.642 DEBUG [e9f9f287e6a2][admin] [http-nio-5050-exec-5] c.h.e.d.A.countArticle:137 - <==      Total: 1
2023-04-07 10:25:54.644 DEBUG [e9f9f287e6a2][admin] [http-nio-5050-exec-5] c.h.e.d.ArticleDao.listArticle:137 - ==>  Preparing: SELECT w.id, w.content, date_format(w.create_time, '%Y.%m.%d %T') createTime, date_format(w.update_time, '%Y.%m.%d %T') updateTime FROM article w WHERE w.delete_status = '1' ORDER BY w.id DESC LIMIT ?, ?
2023-04-07 10:25:54.645 DEBUG [e9f9f287e6a2][admin] [http-nio-5050-exec-5] c.h.e.d.ArticleDao.listArticle:137 - ==> Parameters: 0(Integer), 50(Integer)
2023-04-07 10:25:54.650 DEBUG [e9f9f287e6a2][admin] [http-nio-5050-exec-5] c.h.e.d.ArticleDao.listArticle:137 - <==      Total: 5
2023-04-07 10:25:54.653 INFO  [e9f9f287e6a2][admin] [http-nio-5050-exec-5] c.h.e.c.filter.WebLogAspect:69 - {"uri":"/article/listArticle","took":67,"userId":"","req":{"method":"GET","requestURL":"http://localhost:9520/article/listArticle","queryString":"pageNum=1&pageRow=50&name=","remoteAddr":"0:0:0:0:0:0:0:1"},"res":{"msg":"","code":"200","info":{"totalPage":1,"list":[{"createTime":"2017.11.18 13:37:07","updateTime":"2021.05.08 16:10:55","id":19,"content":"文章test2🤣"},{"createTime":"2017.10.26 15:23:42","updateTime":"2017.10.26 15:23:42","id":11,"content":"李白"},{"createTime":"2017.10.26 14:57:45","updateTime":"2017.11.08 13:28:52","id":10,"content":"亚历山大"},{"createTime":"2017.10.26 10:49:28","updateTime":"2017.11.18 09:54:15","id":6,"content":"亚里士多德"},{"createTime":"2017.10.25 09:08:45","updateTime":"2017.10.30 17:59:41","id":5,"content":"莎士比亚"}],"totalCount":5}}}
